**
(main.tex
LaTeX2e <2021-11-15> patch level 1
L3 programming layer <2022-02-24> (report.cls
Document Class: report 2021/10/04 v1.4n Standard LaTeX document class
(size12.clo
File: size12.clo 2021/10/04 v1.4n Standard LaTeX file (size option)
)
\c@part=\count181
\c@chapter=\count182
\c@section=\count183
\c@subsection=\count184
\c@subsubsection=\count185
\c@paragraph=\count186
\c@subparagraph=\count187
\c@figure=\count188
\c@table=\count189
\abovecaptionskip=\skip47
\belowcaptionskip=\skip48
\bibindent=\dimen138
) (iftex.sty
Package: iftex 2022/02/03 v1.0f TeX engine tests
) (fontspec.sty (xparse.sty (expl3.sty
Package: expl3 2022-02-24 L3 programming layer (loader) 

(l3backend-xetex.def
File: l3backend-xetex.def 2022-02-07 L3 backend support: XeTeX
\c__kernel_sys_dvipdfmx_version_int=\count190
\l__color_backend_stack_int=\count191
\g__color_backend_stack_int=\count192
\g__graphics_track_int=\count193
\l__pdf_internal_box=\box50
\g__pdf_backend_object_int=\count194
\g__pdf_backend_annotation_int=\count195
\g__pdf_backend_link_int=\count196
))
Package: xparse 2022-01-12 L3 Experimental document command parser
)
Package: fontspec 2022/01/15 v2.8a Font selection for XeLaTeX and LuaLaTeX
 (fontspec-xetex.sty
Package: fontspec-xetex 2022/01/15 v2.8a Font selection for XeLaTeX and LuaLaTe
X
\l__fontspec_script_int=\count197
\l__fontspec_language_int=\count198
\l__fontspec_strnum_int=\count199
\l__fontspec_tmp_int=\count266
\l__fontspec_tmpa_int=\count267
\l__fontspec_tmpb_int=\count268
\l__fontspec_tmpc_int=\count269
\l__fontspec_em_int=\count270
\l__fontspec_emdef_int=\count271
\l__fontspec_strong_int=\count272
\l__fontspec_strongdef_int=\count273
\l__fontspec_tmpa_dim=\dimen139
\l__fontspec_tmpb_dim=\dimen140
\l__fontspec_tmpc_dim=\dimen141
 (fontenc.sty
Package: fontenc 2021/04/29 v2.0v Standard LaTeX package
) (fontspec.cfg)))

Package fontspec Info: Font family 'TimesNewRoman(0)' created for font 'Times
(fontspec)             New Roman' with options [Ligatures=TeX].
(fontspec)              
(fontspec)              This font family consists of the following NFSS
(fontspec)             series/shapes:
(fontspec)              
(fontspec)             - 'normal' (m/n) with NFSS spec.: <->"Times New
(fontspec)             Roman/OT:script=latn;language=dflt;mapping=tex-text;"
(fontspec)             - 'small caps'  (m/sc) with NFSS spec.: <->"Times New
(fontspec)             Roman/OT:script=latn;language=dflt;+smcp;mapping=tex-tex
t;"
(fontspec)             - 'bold' (b/n) with NFSS spec.: <->"Times New
(fontspec)             Roman/B/OT:script=latn;language=dflt;mapping=tex-text;"
(fontspec)             - 'bold small caps'  (b/sc) with NFSS spec.: <->"Times
(fontspec)             New
(fontspec)             Roman/B/OT:script=latn;language=dflt;+smcp;mapping=tex-t
ext;"
(fontspec)             - 'italic' (m/it) with NFSS spec.: <->"Times New
(fontspec)             Roman/I/OT:script=latn;language=dflt;mapping=tex-text;"
(fontspec)             - 'italic small caps'  (m/scit) with NFSS spec.:
(fontspec)             <->"Times New
(fontspec)             Roman/I/OT:script=latn;language=dflt;+smcp;mapping=tex-t
ext;"
(fontspec)             - 'bold italic' (b/it) with NFSS spec.: <->"Times New
(fontspec)             Roman/BI/OT:script=latn;language=dflt;mapping=tex-text;"

(fontspec)             - 'bold italic small caps'  (b/scit) with NFSS spec.:
(fontspec)             <->"Times New
(fontspec)             Roman/BI/OT:script=latn;language=dflt;+smcp;mapping=tex-
text;"


Package fontspec Info: Font family 'Arial(0)' created for font 'Arial' with
(fontspec)             options [Ligatures=TeX].
(fontspec)              
(fontspec)              This font family consists of the following NFSS
(fontspec)             series/shapes:
(fontspec)              
(fontspec)             - 'normal' (m/n) with NFSS spec.:
(fontspec)             <->"Arial/OT:script=latn;language=dflt;mapping=tex-text;
"
(fontspec)             - 'small caps'  (m/sc) with NFSS spec.:
(fontspec)             <->"Arial/OT:script=latn;language=dflt;+smcp;mapping=tex
-text;"
(fontspec)             - 'bold' (b/n) with NFSS spec.:
(fontspec)             <->"Arial/B/OT:script=latn;language=dflt;mapping=tex-tex
t;"
(fontspec)             - 'bold small caps'  (b/sc) with NFSS spec.:
(fontspec)             <->"Arial/B/OT:script=latn;language=dflt;+smcp;mapping=t
ex-text;"
(fontspec)             - 'italic' (m/it) with NFSS spec.:
(fontspec)             <->"Arial/I/OT:script=latn;language=dflt;mapping=tex-tex
t;"
(fontspec)             - 'italic small caps'  (m/scit) with NFSS spec.:
(fontspec)             <->"Arial/I/OT:script=latn;language=dflt;+smcp;mapping=t
ex-text;"
(fontspec)             - 'bold italic' (b/it) with NFSS spec.:
(fontspec)             <->"Arial/BI/OT:script=latn;language=dflt;mapping=tex-te
xt;"
(fontspec)             - 'bold italic small caps'  (b/scit) with NFSS spec.:
(fontspec)             <->"Arial/BI/OT:script=latn;language=dflt;+smcp;mapping=
tex-text;"


Package fontspec Info: Font family 'CourierNew(0)' created for font 'Courier
(fontspec)             New' with options
(fontspec)             [WordSpace={1,0,0},HyphenChar=None,PunctuationSpace=Word
Space].
(fontspec)              
(fontspec)              This font family consists of the following NFSS
(fontspec)             series/shapes:
(fontspec)              
(fontspec)             - 'normal' (m/n) with NFSS spec.: <->"Courier
(fontspec)             New/OT:script=latn;language=dflt;"
(fontspec)             - 'small caps'  (m/sc) with NFSS spec.: 
(fontspec)             and font adjustment code:
(fontspec)             \fontdimen 2\font =1\fontdimen 2\font \fontdimen 3\font
(fontspec)             =0\fontdimen 3\font \fontdimen 4\font =0\fontdimen
(fontspec)             4\font \fontdimen 7\font =0\fontdimen 2\font
(fontspec)             \tex_hyphenchar:D \font =-1\scan_stop: 
(fontspec)             - 'bold' (b/n) with NFSS spec.: <->"Courier
(fontspec)             New/B/OT:script=latn;language=dflt;"
(fontspec)             - 'bold small caps'  (b/sc) with NFSS spec.: 
(fontspec)             and font adjustment code:
(fontspec)             \fontdimen 2\font =1\fontdimen 2\font \fontdimen 3\font
(fontspec)             =0\fontdimen 3\font \fontdimen 4\font =0\fontdimen
(fontspec)             4\font \fontdimen 7\font =0\fontdimen 2\font
(fontspec)             \tex_hyphenchar:D \font =-1\scan_stop: 
(fontspec)             - 'italic' (m/it) with NFSS spec.: <->"Courier
(fontspec)             New/I/OT:script=latn;language=dflt;"
(fontspec)             - 'italic small caps'  (m/scit) with NFSS spec.: 
(fontspec)             and font adjustment code:
(fontspec)             \fontdimen 2\font =1\fontdimen 2\font \fontdimen 3\font
(fontspec)             =0\fontdimen 3\font \fontdimen 4\font =0\fontdimen
(fontspec)             4\font \fontdimen 7\font =0\fontdimen 2\font
(fontspec)             \tex_hyphenchar:D \font =-1\scan_stop: 
(fontspec)             - 'bold italic' (b/it) with NFSS spec.: <->"Courier
(fontspec)             New/BI/OT:script=latn;language=dflt;"
(fontspec)             - 'bold italic small caps'  (b/scit) with NFSS spec.: 
(fontspec)             and font adjustment code:
(fontspec)             \fontdimen 2\font =1\fontdimen 2\font \fontdimen 3\font
(fontspec)             =0\fontdimen 3\font \fontdimen 4\font =0\fontdimen
(fontspec)             4\font \fontdimen 7\font =0\fontdimen 2\font
(fontspec)             \tex_hyphenchar:D \font =-1\scan_stop: 


(babel.sty
Package: babel 2022/02/26 3.73 The Babel package
\babel@savecnt=\count274
\U@D=\dimen142
\l@unhyphenated=\language87
 (xebabel.def (txtbabel.def))
\bbl@readstream=\read2
\bbl@dirlevel=\count275
 (spanish.ldf
Language: spanish.ldf 2021/05/27 v5.0q Spanish support from the babel system
\es@quottoks=\toks16
\es@quotdepth=\count276
Package babel Info: Making " an active character on input line 570.
)) (microtype.sty
Package: microtype 2022/03/14 v3.0d Micro-typographical refinements (RS)

(keyval.sty
Package: keyval 2014/10/28 v1.15 key=value parser (DPC)
\KV@toks@=\toks17
) (etoolbox.sty
Package: etoolbox 2020/10/05 v2.5k e-TeX tools for LaTeX (JAW)
\etb@tempcnta=\count277
)
\MT@toks=\toks18
\MT@tempbox=\box51
\MT@count=\count278
LaTeX Info: Redefining \noprotrusionifhmode on input line 1027.
LaTeX Info: Redefining \leftprotrusion on input line 1028.
LaTeX Info: Redefining \rightprotrusion on input line 1036.
LaTeX Info: Redefining \textls on input line 1195.
\MT@outer@kern=\dimen143
LaTeX Info: Redefining \textmicrotypecontext on input line 1781.
\MT@listname@count=\count279
 (microtype-xetex.def
File: microtype-xetex.def 2022/03/14 v3.0d Definitions specific to xetex (RS)
LaTeX Info: Redefining \lsstyle on input line 236.
)
Package microtype Info: Loading configuration file microtype.cfg.
 (microtype.cfg
File: microtype.cfg 2022/03/14 v3.0d microtype main configuration file (RS)
))
(setspace.sty
Package: setspace 2011/12/19 v6.7a set line spacing
) (geometry.sty
Package: geometry 2020/01/02 v5.9 Page Geometry
 (ifvtex.sty
Package: ifvtex 2019/10/25 v1.7 ifvtex legacy package. Use iftex instead.
)
\Gm@cnth=\count280
\Gm@cntv=\count281
\c@Gm@tempcnt=\count282
\Gm@bindingoffset=\dimen144
\Gm@wd@mp=\dimen145
\Gm@odd@mp=\dimen146
\Gm@even@mp=\dimen147
\Gm@layoutwidth=\dimen148
\Gm@layoutheight=\dimen149
\Gm@layouthoffset=\dimen150
\Gm@layoutvoffset=\dimen151
\Gm@dimlist=\toks19
) (ragged2e.sty
Package: ragged2e 2021/12/15 v3.1 ragged2e Package
\CenteringLeftskip=\skip49
\RaggedLeftLeftskip=\skip50
\RaggedRightLeftskip=\skip51
\CenteringRightskip=\skip52
\RaggedLeftRightskip=\skip53
\RaggedRightRightskip=\skip54
\CenteringParfillskip=\skip55
\RaggedLeftParfillskip=\skip56
\RaggedRightParfillskip=\skip57
\JustifyingParfillskip=\skip58
\CenteringParindent=\skip59
\RaggedLeftParindent=\skip60
\RaggedRightParindent=\skip61
\JustifyingParindent=\skip62
) (amsmath.sty
Package: amsmath 2021/10/15 v2.17l AMS math features
\@mathmargin=\skip63

For additional information on amsmath, use the `?' option.
(amstext.sty
Package: amstext 2021/08/26 v2.01 AMS text
 (amsgen.sty
File: amsgen.sty 1999/11/30 v2.0 generic functions
\@emptytoks=\toks20
\ex@=\dimen152
)) (amsbsy.sty
Package: amsbsy 1999/11/29 v1.2d Bold Symbols
\pmbraise@=\dimen153
) (amsopn.sty
Package: amsopn 2021/08/26 v2.02 operator names
)
\inf@bad=\count283
LaTeX Info: Redefining \frac on input line 234.
\uproot@=\count284
\leftroot@=\count285
LaTeX Info: Redefining \overline on input line 399.
\classnum@=\count286
\DOTSCASE@=\count287
LaTeX Info: Redefining \ldots on input line 496.
LaTeX Info: Redefining \dots on input line 499.
LaTeX Info: Redefining \cdots on input line 620.
\Mathstrutbox@=\box52
\strutbox@=\box53
\big@size=\dimen154
LaTeX Font Info:    Redeclaring font encoding OML on input line 743.
LaTeX Font Info:    Redeclaring font encoding OMS on input line 744.
\macc@depth=\count288
\c@MaxMatrixCols=\count289
\dotsspace@=\muskip16
\c@parentequation=\count290
\dspbrk@lvl=\count291
\tag@help=\toks21
\row@=\count292
\column@=\count293
\maxfields@=\count294
\andhelp@=\toks22
\eqnshift@=\dimen155
\alignsep@=\dimen156
\tagshift@=\dimen157
\tagwidth@=\dimen158
\totwidth@=\dimen159
\lineht@=\dimen160
\@envbody=\toks23
\multlinegap=\skip64
\multlinetaggap=\skip65
\mathdisplay@stack=\toks24
LaTeX Info: Redefining \[ on input line 2938.
LaTeX Info: Redefining \] on input line 2939.
) (amssymb.sty
Package: amssymb 2013/01/14 v3.01 AMS font symbols

(amsfonts.sty
Package: amsfonts 2013/01/14 v3.01 Basic AMSFonts support
\symAMSa=\mathgroup4
\symAMSb=\mathgroup5
LaTeX Font Info:    Redeclaring math symbol \hbar on input line 98.
LaTeX Font Info:    Overwriting math alphabet `\mathfrak' in version `bold'
(Font)                  U/euf/m/n --> U/euf/b/n on input line 106.
)) (textcomp.sty
Package: textcomp 2020/02/02 v2.0n Standard LaTeX package
) (longtable.sty
Package: longtable 2021-09-01 v4.17 Multi-page Table package (DPC)
\LTleft=\skip66
\LTright=\skip67
\LTpre=\skip68
\LTpost=\skip69
\LTchunksize=\count295
\LTcapwidth=\dimen161
\LT@head=\box54
\LT@firsthead=\box55
\LT@foot=\box56
\LT@lastfoot=\box57
\LT@gbox=\box58
\LT@cols=\count296
\LT@rows=\count297
\c@LT@tables=\count298
\c@LT@chunks=\count299
\LT@p@ftn=\toks25
) (booktabs.sty
Package: booktabs 2020/01/12 v1.61803398 Publication quality tables
\heavyrulewidth=\dimen162
\lightrulewidth=\dimen163
\cmidrulewidth=\dimen164
\belowrulesep=\dimen165
\belowbottomsep=\dimen166
\aboverulesep=\dimen167
\abovetopsep=\dimen168
\cmidrulesep=\dimen169
\cmidrulekern=\dimen170
\defaultaddspace=\dimen171
\@cmidla=\count300
\@cmidlb=\count301
\@aboverulesep=\dimen172
\@belowrulesep=\dimen173
\@thisruleclass=\count302
\@lastruleclass=\count303
\@thisrulewidth=\dimen174
) (array.sty
Package: array 2021/10/04 v2.5f Tabular extension package (FMi)
\col@sep=\dimen175
\ar@mcellbox=\box59
\extrarowheight=\dimen176
\NC@list=\toks26
\extratabsurround=\skip70
\backup@length=\skip71
\ar@cellbox=\box60
)
(multirow.sty
Package: multirow 2021/03/15 v2.8 Span multiple rows of a table
\multirow@colwidth=\skip72
\multirow@cntb=\count304
\multirow@dima=\skip73
\bigstrutjot=\dimen177
) (makecell.sty
Package: makecell 2009/08/03 V0.1e Managing of Tab Column Heads and Cells
\rotheadsize=\dimen178
\c@nlinenum=\count305
\TeXr@lab=\toks27
) (tabularx.sty
Package: tabularx 2020/01/15 v2.11c `tabularx' package (DPC)
\TX@col@width=\dimen179
\TX@old@table=\dimen180
\TX@old@col=\dimen181
\TX@target=\dimen182
\TX@delta=\dimen183
\TX@cols=\count306
\TX@ftn=\toks28
) (calc.sty
Package: calc 2017/05/25 v4.3 Infix arithmetic (KKT,FJ)
\calc@Acount=\count307
\calc@Bcount=\count308
\calc@Adimen=\dimen184
\calc@Bdimen=\dimen185
\calc@Askip=\skip74
\calc@Bskip=\skip75
LaTeX Info: Redefining \setlength on input line 80.
LaTeX Info: Redefining \addtolength on input line 81.
\calc@Ccount=\count309
\calc@Cskip=\skip76
) (pdflscape.sty
Package: pdflscape 2019/12/05 v0.12 Display of landscape pages in PDF (HO)

(lscape.sty
Package: lscape 2020/05/28 v3.02 Landscape Pages (DPC)
 (graphics.sty
Package: graphics 2021/03/04 v1.4d Standard LaTeX Graphics (DPC,SPQR)
 (trig.sty
Package: trig 2021/08/11 v1.11 sin cos tan (DPC)
) (graphics.cfg
File: graphics.cfg 2016/06/04 v1.11 sample graphics configuration
)
Package graphics Info: Driver file: xetex.def on input line 107.
 (xetex.def
File: xetex.def 2021/03/18 v5.0k Graphics/color driver for xetex
)))
Package pdflscape Info: Auto-detected driver: dvipdfm (xetex) on input line 98.


(atbegshi-ltx.sty
Package: atbegshi-ltx 2021/01/10 v1.0c Emulation of the original atbegshi
package with kernel methods
)) (colortbl.sty
Package: colortbl 2020/01/04 v1.0e Color table columns (DPC)
 (color.sty
Package: color 2021/12/07 v1.3c Standard LaTeX Color (DPC)
 (color.cfg
File: color.cfg 2016/01/02 v1.6 sample color configuration
)
Package color Info: Driver file: xetex.def on input line 149.
)
\everycr=\toks29
\minrowclearance=\skip77
) (graphicx.sty
Package: graphicx 2021/09/16 v1.2d Enhanced LaTeX Graphics (DPC,SPQR)
\Gin@req@height=\dimen186
\Gin@req@width=\dimen187
)
(adjustbox.sty
Package: adjustbox 2020/08/19 v1.3 Adjusting TeX boxes (trim, clip, ...)
 (xkeyval.sty
Package: xkeyval 2020/11/20 v2.8 package option processing (HA)
 (xkeyval (xkvutils
\XKV@toks=\toks30
\XKV@tempa@toks=\toks31
)
\XKV@depth=\count310
File: xkeyval.tex 2014/12/03 v2.7a key=value parser (HA)
)) (adjcalc.sty
Package: adjcalc 2012/05/16 v1.1 Provides advanced setlength with multiple back
-ends (calc, etex, pgfmath)
) (trimclip.sty
Package: trimclip 2020/08/19 v1.2 Trim and clip general TeX material

(collectbox.sty
Package: collectbox 2012/05/17 v0.4b Collect macro arguments as boxes
\collectedbox=\box61
)
\tc@llx=\dimen188
\tc@lly=\dimen189
\tc@urx=\dimen190
\tc@ury=\dimen191
Package trimclip Info: Using driver 'tc-xetex.def'.
 (tc-xetex.def
File: tc-xetex.def 2019/01/04 v2.2 Clipping driver for xetex
))
\adjbox@Width=\dimen192
\adjbox@Height=\dimen193
\adjbox@Depth=\dimen194
\adjbox@Totalheight=\dimen195
\adjbox@pwidth=\dimen196
\adjbox@pheight=\dimen197
\adjbox@pdepth=\dimen198
\adjbox@ptotalheight=\dimen199
 (ifoddpage.sty
Package: ifoddpage 2016/04/23 v1.1 Conditionals for odd/even page detection
\c@checkoddpage=\count311
) (varwidth.sty
Package: varwidth 2009/03/30 ver 0.92;  Variable-width minipages
\@vwid@box=\box62
\sift@deathcycles=\count312
\@vwid@loff=\dimen256
\@vwid@roff=\dimen257
)) (float.sty
Package: float 2001/11/08 v1.3d Float enhancements (AL)
\c@float@type=\count313
\float@exts=\toks32
\float@box=\box63
\@float@everytoks=\toks33
\@floatcapt=\box64
)
(caption.sty
Package: caption 2022/03/01 v3.6b Customizing captions (AR)
 (caption3.sty
Package: caption3 2022/03/17 v2.3b caption3 kernel (AR)
\caption@tempdima=\dimen258
\captionmargin=\dimen259
\caption@leftmargin=\dimen260
\caption@rightmargin=\dimen261
\caption@width=\dimen262
\caption@indent=\dimen263
\caption@parindent=\dimen264
\caption@hangindent=\dimen265
Package caption Info: Standard document class detected.
)
\c@caption@flags=\count314
\c@continuedfloat=\count315
Package caption Info: float package is loaded.
Package caption Info: longtable package is loaded.
 (ltcaption.sty
Package: ltcaption 2021/01/08 v1.4c longtable captions (AR)
)) (subcaption.sty
Package: subcaption 2022/01/07 v1.5 Sub-captions (AR)
\c@subfigure=\count316
\c@subtable=\count317
) (placeins.sty
Package: placeins 2005/04/18  v 2.2
)
(needspace.sty
Package: needspace 2010/09/12 v1.3d reserve vertical space
) (enumitem.sty
Package: enumitem 2019/06/20 v3.9 Customized lists
\labelindent=\skip78
\enit@outerparindent=\dimen266
\enit@toks=\toks34
\enit@inbox=\box65
\enit@count@id=\count318
\enitdp@description=\count319
) (xcolor.sty
Package: xcolor 2021/10/31 v2.13 LaTeX color extensions (UK)
 (color.cfg
File: color.cfg 2016/01/02 v1.6 sample color configuration
)
Package xcolor Info: Driver file: xetex.def on input line 227.
LaTeX Info: Redefining \color on input line 711.
Package xcolor Info: Model `cmy' substituted by `cmy0' on input line 1352.
Package xcolor Info: Model `RGB' extended on input line 1368.
Package xcolor Info: Model `HTML' substituted by `rgb' on input line 1370.
Package xcolor Info: Model `Hsb' substituted by `hsb' on input line 1371.
Package xcolor Info: Model `tHsb' substituted by `hsb' on input line 1372.
Package xcolor Info: Model `HSB' substituted by `hsb' on input line 1373.
Package xcolor Info: Model `Gray' substituted by `gray' on input line 1374.
Package xcolor Info: Model `wave' substituted by `hsb' on input line 1375.
) (soul.sty
Package: soul 2003/11/17 v2.4 letterspacing/underlining (mf)
\SOUL@word=\toks35
\SOUL@lasttoken=\toks36
\SOUL@cmds=\toks37
\SOUL@buffer=\toks38
\SOUL@token=\toks39
\SOUL@spaceskip=\skip79
\SOUL@ttwidth=\dimen267
\SOUL@uldp=\dimen268
\SOUL@ulht=\dimen269
)
(titlesec.sty
Package: titlesec 2021/07/05 v2.14 Sectioning titles
\ttl@box=\box66
\beforetitleunit=\skip80
\aftertitleunit=\skip81
\ttl@plus=\dimen270
\ttl@minus=\dimen271
\ttl@toksa=\toks40
\titlewidth=\dimen272
\titlewidthlast=\dimen273
\titlewidthfirst=\dimen274
) (tocloft.sty
Package: tocloft 2017/08/31 v2.3i parameterised ToC, etc., typesetting
Package tocloft Info: The document has chapter divisions on input line 51.
\cftparskip=\skip82
\cftbeforetoctitleskip=\skip83
\cftaftertoctitleskip=\skip84
\cftbeforepartskip=\skip85
\cftpartnumwidth=\skip86
\cftpartindent=\skip87
\cftbeforechapskip=\skip88
\cftchapindent=\skip89
\cftchapnumwidth=\skip90
\cftbeforesecskip=\skip91
\cftsecindent=\skip92
\cftsecnumwidth=\skip93
\cftbeforesubsecskip=\skip94
\cftsubsecindent=\skip95
\cftsubsecnumwidth=\skip96
\cftbeforesubsubsecskip=\skip97
\cftsubsubsecindent=\skip98
\cftsubsubsecnumwidth=\skip99
\cftbeforeparaskip=\skip100
\cftparaindent=\skip101
\cftparanumwidth=\skip102
\cftbeforesubparaskip=\skip103
\cftsubparaindent=\skip104
\cftsubparanumwidth=\skip105
\cftbeforeloftitleskip=\skip106
\cftafterloftitleskip=\skip107
\cftbeforefigskip=\skip108
\cftfigindent=\skip109
\cftfignumwidth=\skip110
\c@lofdepth=\count320
\c@lotdepth=\count321
\cftbeforelottitleskip=\skip111
\cftafterlottitleskip=\skip112
\cftbeforetabskip=\skip113
\cfttabindent=\skip114
\cfttabnumwidth=\skip115
) (fancyhdr.sty
Package: fancyhdr 2021/01/28 v4.0.1 Extensive control of page headers and foote
rs
\f@nch@headwidth=\skip116
\f@nch@O@elh=\skip117
\f@nch@O@erh=\skip118
\f@nch@O@olh=\skip119
\f@nch@O@orh=\skip120
\f@nch@O@elf=\skip121
\f@nch@O@erf=\skip122
\f@nch@O@olf=\skip123
\f@nch@O@orf=\skip124
) (xurl.sty
Package: xurl 2022/01/09 v 0.10 modify URL breaks
 (url.sty
\Urlmuskip=\muskip17
Package: url 2013/09/16  ver 3.4  Verb mode for urls, etc.
)) (hyperref.sty
Package: hyperref 2022-02-21 v7.00n Hypertext links for LaTeX

(ltxcmds.sty
Package: ltxcmds 2020-05-10 v1.25 LaTeX kernel commands for general use (HO)
) (pdftexcmds.sty
Package: pdftexcmds 2020-06-27 v0.33 Utility functions of pdfTeX for LuaTeX (HO
)
 (infwarerr.sty
Package: infwarerr 2019/12/03 v1.5 Providing info/warning/error messages (HO)
)
Package pdftexcmds Info: \pdf@primitive is available.
Package pdftexcmds Info: \pdf@ifprimitive is available.
Package pdftexcmds Info: \pdfdraftmode not found.
) (kvsetkeys.sty
Package: kvsetkeys 2019/12/15 v1.18 Key value parser (HO)
)
(kvdefinekeys.sty
Package: kvdefinekeys 2019-12-19 v1.6 Define keys (HO)
) (pdfescape.sty
Package: pdfescape 2019/12/09 v1.15 Implements pdfTeX's escape features (HO)
) (hycolor.sty
Package: hycolor 2020-01-27 v1.10 Color options for hyperref/bookmark (HO)
) (letltxmacro.sty
Package: letltxmacro 2019/12/03 v1.6 Let assignment for LaTeX macros (HO)
) (auxhook.sty
Package: auxhook 2019-12-17 v1.6 Hooks for auxiliary files (HO)
) (kvoptions.sty
Package: kvoptions 2020-10-07 v3.14 Key value format for package options (HO)
)
\@linkdim=\dimen275
\Hy@linkcounter=\count322
\Hy@pagecounter=\count323
 (pd1enc.def
File: pd1enc.def 2022-02-21 v7.00n Hyperref: PDFDocEncoding definition (HO)
) (intcalc.sty
Package: intcalc 2019/12/15 v1.3 Expandable calculations with integers (HO)
) (etexcmds.sty
Package: etexcmds 2019/12/15 v1.7 Avoid name clashes with e-TeX commands (HO)
)
\Hy@SavedSpaceFactor=\count324
 (puenc.def
File: puenc.def 2022-02-21 v7.00n Hyperref: PDF Unicode definition (HO)
)
Package hyperref Info: Hyper figures OFF on input line 4137.
Package hyperref Info: Link nesting OFF on input line 4142.
Package hyperref Info: Hyper index ON on input line 4145.
Package hyperref Info: Plain pages OFF on input line 4152.
Package hyperref Info: Backreferencing OFF on input line 4157.
Package hyperref Info: Implicit mode ON; LaTeX internals redefined.
Package hyperref Info: Bookmarks ON on input line 4390.
\c@Hy@tempcnt=\count325
LaTeX Info: Redefining \url on input line 4749.
\XeTeXLinkMargin=\dimen276

(bitset.sty
Package: bitset 2019/12/09 v1.3 Handle bit-vector datatype (HO)
 (bigintcalc.sty
Package: bigintcalc 2019/12/15 v1.5 Expandable calculations on big integers (HO
)
))
\Fld@menulength=\count326
\Field@Width=\dimen277
\Fld@charsize=\dimen278
Package hyperref Info: Hyper figures OFF on input line 6027.
Package hyperref Info: Link nesting OFF on input line 6032.
Package hyperref Info: Hyper index ON on input line 6035.
Package hyperref Info: backreferencing OFF on input line 6042.
Package hyperref Info: Link coloring OFF on input line 6047.
Package hyperref Info: Link coloring with OCG OFF on input line 6052.
Package hyperref Info: PDF/A mode OFF on input line 6057.
LaTeX Info: Redefining \ref on input line 6097.
LaTeX Info: Redefining \pageref on input line 6101.
\Hy@abspage=\count327
\c@Item=\count328
\c@Hfootnote=\count329
)
Package hyperref Info: Driver (autodetected): hxetex.
 (hxetex.def
File: hxetex.def 2022-02-21 v7.00n Hyperref driver for XeTeX
 (stringenc.sty
Package: stringenc 2019/11/29 v1.12 Convert strings between diff. encodings (HO
)
)
\pdfm@box=\box67
\c@Hy@AnnotLevel=\count330
\HyField@AnnotCount=\count331
\Fld@listcount=\count332
\c@bookmark@seq@number=\count333
 (rerunfilecheck.sty
Package: rerunfilecheck 2019/12/05 v1.9 Rerun checks for auxiliary files (HO)

(atveryend-ltx.sty
Package: atveryend-ltx 2020/08/19 v1.0a Emulation of the original atveryend pac
kage
with kernel methods
) (uniquecounter.sty
Package: uniquecounter 2019/12/15 v1.4 Provide unlimited unique counter (HO)
)
Package uniquecounter Info: New unique counter `rerunfilecheck' on input line 2
86.
)
\Hy@SectionHShift=\skip125
) (bookmark.sty
Package: bookmark 2020-11-06 v1.29 PDF bookmarks (HO)
 (bkm-dvipdfm.def
File: bkm-dvipdfm.def 2020-11-06 v1.29 bookmark driver for dvipdfm (HO)
\BKM@id=\count334
))
Package hyperref Info: Option `colorlinks' set `true' on input line 115.

(main.aux
LaTeX Info: Redefining \. on input line 23.
LaTeX Info: Redefining \% on input line 23.
)
\openout1 = `main.aux'.

LaTeX Font Info:    Checking defaults for OML/cmm/m/it on input line 123.
LaTeX Font Info:    ... okay on input line 123.
LaTeX Font Info:    Checking defaults for OMS/cmsy/m/n on input line 123.
LaTeX Font Info:    ... okay on input line 123.
LaTeX Font Info:    Checking defaults for OT1/cmr/m/n on input line 123.
LaTeX Font Info:    ... okay on input line 123.
LaTeX Font Info:    Checking defaults for T1/cmr/m/n on input line 123.
LaTeX Font Info:    ... okay on input line 123.
LaTeX Font Info:    Checking defaults for TS1/cmr/m/n on input line 123.
LaTeX Font Info:    Trying to load font information for TS1+cmr on input line 1
23.
 (ts1cmr.fd
File: ts1cmr.fd 2019/12/16 v2.5j Standard LaTeX font definitions
)
LaTeX Font Info:    ... okay on input line 123.
LaTeX Font Info:    Checking defaults for TU/lmr/m/n on input line 123.
LaTeX Font Info:    ... okay on input line 123.
LaTeX Font Info:    Checking defaults for OMX/cmex/m/n on input line 123.
LaTeX Font Info:    ... okay on input line 123.
LaTeX Font Info:    Checking defaults for U/cmr/m/n on input line 123.
LaTeX Font Info:    ... okay on input line 123.
LaTeX Font Info:    Checking defaults for PD1/pdf/m/n on input line 123.
LaTeX Font Info:    ... okay on input line 123.
LaTeX Font Info:    Checking defaults for PU/pdf/m/n on input line 123.
LaTeX Font Info:    ... okay on input line 123.

Package fontspec Info: Adjusting the maths setup (use [no-math] to avoid
(fontspec)             this).

\symlegacymaths=\mathgroup6
LaTeX Font Info:    Overwriting symbol font `legacymaths' in version `bold'
(Font)                  OT1/cmr/m/n --> OT1/cmr/bx/n on input line 123.
LaTeX Font Info:    Redeclaring math accent \acute on input line 123.
LaTeX Font Info:    Redeclaring math accent \grave on input line 123.
LaTeX Font Info:    Redeclaring math accent \ddot on input line 123.
LaTeX Font Info:    Redeclaring math accent \tilde on input line 123.
LaTeX Font Info:    Redeclaring math accent \bar on input line 123.
LaTeX Font Info:    Redeclaring math accent \breve on input line 123.
LaTeX Font Info:    Redeclaring math accent \check on input line 123.
LaTeX Font Info:    Redeclaring math accent \hat on input line 123.
LaTeX Font Info:    Redeclaring math accent \dot on input line 123.
LaTeX Font Info:    Redeclaring math accent \mathring on input line 123.
LaTeX Font Info:    Redeclaring math symbol \Gamma on input line 123.
LaTeX Font Info:    Redeclaring math symbol \Delta on input line 123.
LaTeX Font Info:    Redeclaring math symbol \Theta on input line 123.
LaTeX Font Info:    Redeclaring math symbol \Lambda on input line 123.
LaTeX Font Info:    Redeclaring math symbol \Xi on input line 123.
LaTeX Font Info:    Redeclaring math symbol \Pi on input line 123.
LaTeX Font Info:    Redeclaring math symbol \Sigma on input line 123.
LaTeX Font Info:    Redeclaring math symbol \Upsilon on input line 123.
LaTeX Font Info:    Redeclaring math symbol \Phi on input line 123.
LaTeX Font Info:    Redeclaring math symbol \Psi on input line 123.
LaTeX Font Info:    Redeclaring math symbol \Omega on input line 123.
LaTeX Font Info:    Redeclaring math symbol \mathdollar on input line 123.
LaTeX Font Info:    Redeclaring symbol font `operators' on input line 123.
LaTeX Font Info:    Encoding `OT1' has changed to `TU' for symbol font
(Font)              `operators' in the math version `normal' on input line 123.

LaTeX Font Info:    Overwriting symbol font `operators' in version `normal'
(Font)                  OT1/cmr/m/n --> TU/TimesNewRoman(0)/m/n on input line 1
23.
LaTeX Font Info:    Encoding `OT1' has changed to `TU' for symbol font
(Font)              `operators' in the math version `bold' on input line 123.
LaTeX Font Info:    Overwriting symbol font `operators' in version `bold'
(Font)                  OT1/cmr/bx/n --> TU/TimesNewRoman(0)/m/n on input line 
123.
LaTeX Font Info:    Overwriting symbol font `operators' in version `normal'
(Font)                  TU/TimesNewRoman(0)/m/n --> TU/TimesNewRoman(0)/m/n on 
input line 123.
LaTeX Font Info:    Overwriting math alphabet `\mathit' in version `normal'
(Font)                  OT1/cmr/m/it --> TU/TimesNewRoman(0)/m/it on input line
 123.
LaTeX Font Info:    Overwriting math alphabet `\mathbf' in version `normal'
(Font)                  OT1/cmr/bx/n --> TU/TimesNewRoman(0)/b/n on input line 
123.
LaTeX Font Info:    Overwriting math alphabet `\mathsf' in version `normal'
(Font)                  OT1/cmss/m/n --> TU/Arial(0)/m/n on input line 123.
LaTeX Font Info:    Overwriting math alphabet `\mathtt' in version `normal'
(Font)                  OT1/cmtt/m/n --> TU/CourierNew(0)/m/n on input line 123
.
LaTeX Font Info:    Overwriting symbol font `operators' in version `bold'
(Font)                  TU/TimesNewRoman(0)/m/n --> TU/TimesNewRoman(0)/b/n on 
input line 123.
LaTeX Font Info:    Overwriting math alphabet `\mathit' in version `bold'
(Font)                  OT1/cmr/bx/it --> TU/TimesNewRoman(0)/b/it on input lin
e 123.
LaTeX Font Info:    Overwriting math alphabet `\mathsf' in version `bold'
(Font)                  OT1/cmss/bx/n --> TU/Arial(0)/b/n on input line 123.
LaTeX Font Info:    Overwriting math alphabet `\mathtt' in version `bold'
(Font)                  OT1/cmtt/m/n --> TU/CourierNew(0)/b/n on input line 123
.
LaTeX Info: Redefining \. on input line 123.
LaTeX Info: Redefining \% on input line 123.
LaTeX Info: Redefining \microtypecontext on input line 123.
Package microtype Info: Applying patch `item' on input line 123.
Package microtype Info: Applying patch `toc' on input line 123.
Package microtype Info: Applying patch `eqnum' on input line 123.
Package microtype Info: Applying patch `footnote' on input line 123.
Package microtype Info: Character protrusion enabled (level 2).
Package microtype Info: Using default protrusion set `alltext'.
Package microtype Info: No adjustment of tracking.
Package microtype Info: No adjustment of spacing.
Package microtype Info: No adjustment of kerning.
Package microtype Info: Loading generic protrusion settings for font family
(microtype)             `TimesNewRoman' (encoding: TU).
(microtype)             For optimal results, create family-specific settings.
(microtype)             See the microtype manual for details.

*geometry* driver: auto-detecting
*geometry* detected driver: xetex
*geometry* verbose mode - [ preamble ] result:
* driver: xetex
* paper: a4paper
* layout: <same size as paper>
* layoutoffset:(h,v)=(0.0pt,0.0pt)
* modes: 
* h-part:(L,W,R)=(85.35826pt, 441.01773pt, 71.13188pt)
* v-part:(T,H,B)=(76.82234pt, 691.40216pt, 76.82234pt)
* \paperwidth=597.50787pt
* \paperheight=845.04684pt
* \textwidth=441.01773pt
* \textheight=691.40216pt
* \oddsidemargin=13.08827pt
* \evensidemargin=13.08827pt
* \topmargin=-35.44765pt
* \headheight=15.0pt
* \headsep=25.0pt
* \topskip=12.0pt
* \footskip=30.0pt
* \marginparwidth=35.0pt
* \marginparsep=10.0pt
* \columnsep=10.0pt
* \skip\footins=10.8pt plus 4.0pt minus 2.0pt
* \hoffset=0.0pt
* \voffset=0.0pt
* \mag=1000
* \@twocolumnfalse
* \@twosidefalse
* \@mparswitchfalse
* \@reversemarginfalse
* (1in=72.27pt=25.4mm, 1cm=28.453pt)

Package caption Info: Begin \AtBeginDocument code.
Package caption Info: hyperref package is loaded.
Package caption Info: End \AtBeginDocument code.
Package hyperref Info: Link coloring ON on input line 123.
(nameref.sty
Package: nameref 2021-04-02 v2.47 Cross-referencing by name of section
 (refcount.sty
Package: refcount 2019/12/15 v3.6 Data extraction from label references (HO)
) (gettitlestring.sty
Package: gettitlestring 2019/12/15 v1.6 Cleanup title references (HO)
)
\c@section@level=\count335
)
LaTeX Info: Redefining \ref on input line 123.
LaTeX Info: Redefining \pageref on input line 123.
LaTeX Info: Redefining \nameref on input line 123.
File: media/image155.png Graphic file (type bmp)
<media/image155.png>
 [1

] [2] [1

] (main.toc
LaTeX Info: Redefining \. on input line 1.
LaTeX Info: Redefining \% on input line 1.
LaTeX Font Info:    Trying to load font information for U+msa on input line 2.

(umsa.fd
File: umsa.fd 2013/01/14 v3.01 AMS symbols A
) (mt-msa.cfg
File: mt-msa.cfg 2006/02/04 v1.1 microtype config. file: AMS symbols (a) (RS)
)
LaTeX Font Info:    Trying to load font information for U+msb on input line 2.
 (umsb.fd
File: umsb.fd 2013/01/14 v3.01 AMS symbols B
) (mt-msb.cfg
File: mt-msb.cfg 2005/06/01 v1.0 microtype config. file: AMS symbols (b) (RS)
) (mt-cmr.cfg
File: mt-cmr.cfg 2013/05/19 v2.2 microtype config. file: Computer Modern Roman 
(RS)
) [2

]
LaTeX Info: Redefining \. on input line 73.
LaTeX Info: Redefining \% on input line 73.
 [3]
LaTeX Info: Redefining \. on input line 111.
LaTeX Info: Redefining \% on input line 111.
 [4])
\tf@toc=\write3
\openout3 = `main.toc'.

LaTeX Info: Redefining \. on input line 172.
LaTeX Info: Redefining \% on input line 172.

[5] (main.lof
LaTeX Info: Redefining \. on input line 1.
LaTeX Info: Redefining \% on input line 1.
 [6

]
LaTeX Info: Redefining \. on input line 65.
LaTeX Info: Redefining \% on input line 65.
 [7]
LaTeX Info: Redefining \. on input line 103.
LaTeX Info: Redefining \% on input line 103.
 [8])
\tf@lof=\write4
\openout4 = `main.lof'.

LaTeX Info: Redefining \. on input line 175.
LaTeX Info: Redefining \% on input line 175.
 [9] (main.lot
LaTeX Info: Redefining \. on input line 1.
LaTeX Info: Redefining \% on input line 1.
 [10

])
\tf@lot=\write5
\openout5 = `main.lot'.

LaTeX Info: Redefining \. on input line 178.
LaTeX Info: Redefining \% on input line 178.
 [11] [1


]
LaTeX Info: Redefining \. on input line 194.
LaTeX Info: Redefining \% on input line 194.
 [2]
Capítulo 1.
[3

]
File: ./media/image149.png Graphic file (type bmp)
<./media/image149.png>
LaTeX Info: Redefining \. on input line 209.
LaTeX Info: Redefining \% on input line 209.
 [4]
LaTeX Info: Redefining \. on input line 218.
LaTeX Info: Redefining \% on input line 218.
 [5]
File: ./media/image116.png Graphic file (type bmp)
<./media/image116.png>
LaTeX Info: Redefining \. on input line 231.
LaTeX Info: Redefining \% on input line 231.
 [6]
LaTeX Info: Redefining \. on input line 245.
LaTeX Info: Redefining \% on input line 245.
 [7]
LaTeX Info: Redefining \. on input line 270.
LaTeX Info: Redefining \% on input line 270.
 [8]
LaTeX Info: Redefining \. on input line 282.
LaTeX Info: Redefining \% on input line 282.
 [9]
LaTeX Info: Redefining \. on input line 291.
LaTeX Info: Redefining \% on input line 291.
 [10]
Capítulo 2.
File: ./media/image25.png Graphic file (type bmp)
<./media/image25.png>
[11

]
Underfull \hbox (badness 10000) in paragraph at lines 310--312

 []

LaTeX Info: Redefining \. on input line 314.
LaTeX Info: Redefining \% on input line 314.
[12]
File: ./media/image47.png Graphic file (type bmp)
<./media/image47.png>


Package caption Warning: \captionsetup{type*=...} or \captionof
(caption)                outside box or environment on input line 325.
See the caption package documentation for explanation.


Underfull \hbox (badness 10000) in alignment at lines 334--403
[] [] [] [] []
 []


Underfull \hbox (badness 10000) in alignment at lines 403--405
[] [] [] [] []
 []


Underfull \hbox (badness 10000) in alignment at lines 405--406
[] [] [] [] []
 []

LaTeX Info: Redefining \. on input line 406.
LaTeX Info: Redefining \% on input line 406.
[13]
LaTeX Info: Redefining \. on input line 415.
LaTeX Info: Redefining \% on input line 415.
 [14]
File: ./media/image17.png Graphic file (type bmp)
<./media/image17.png>
LaTeX Info: Redefining \. on input line 426.
LaTeX Info: Redefining \% on input line 426.
 [15]
File: ./media/image43.png Graphic file (type bmp)
<./media/image43.png>
LaTeX Info: Redefining \. on input line 431.
LaTeX Info: Redefining \% on input line 431.
 [16]
LaTeX Info: Redefining \. on input line 445.
LaTeX Info: Redefining \% on input line 445.
 [17]
LaTeX Info: Redefining \. on input line 455.
LaTeX Info: Redefining \% on input line 455.
 [18]
File: ./media/image82.png Graphic file (type bmp)
<./media/image82.png>
LaTeX Info: Redefining \. on input line 462.
LaTeX Info: Redefining \% on input line 462.
 [19]
LaTeX Info: Redefining \. on input line 476.
LaTeX Info: Redefining \% on input line 476.
 [20]
LaTeX Info: Redefining \. on input line 484.
LaTeX Info: Redefining \% on input line 484.
 [21]
Overfull \hbox (1.16571pt too wide) in paragraph at lines 507--508
[]\TU/TimesNewRoman(0)/b/n/10 Confiabilidad  
 []


Overfull \hbox (2.22742pt too wide) in paragraph at lines 540--541
\TU/TimesNewRoman(0)/m/n/10 802.11p/WAVE  
 []


Underfull \hbox (badness 10000) in alignment at lines 498--605
[] [] [] [] [] []
 []


Underfull \hbox (badness 10000) in alignment at lines 605--607
[] [] [] [] [] []
 []


Underfull \hbox (badness 10000) in alignment at lines 607--608
[] [] [] [] [] []
 []

LaTeX Info: Redefining \. on input line 613.
LaTeX Info: Redefining \% on input line 613.
[22]
LaTeX Info: Redefining \. on input line 636.
LaTeX Info: Redefining \% on input line 636.
 [23]
Underfull \hbox (badness 10000) in alignment at lines 649--724
[] [] [] []
 []


Underfull \hbox (badness 10000) in alignment at lines 724--726
[] [] [] []
 []


Underfull \hbox (badness 10000) in alignment at lines 726--727
[] [] [] []
 []

LaTeX Info: Redefining \. on input line 731.
LaTeX Info: Redefining \% on input line 731.
[24]
LaTeX Info: Redefining \. on input line 747.
LaTeX Info: Redefining \% on input line 747.
 [25]
LaTeX Info: Redefining \. on input line 763.
LaTeX Info: Redefining \% on input line 763.
 [26]
LaTeX Info: Redefining \. on input line 895.
LaTeX Info: Redefining \% on input line 895.
 [27]
LaTeX Info: Redefining \. on input line 911.
LaTeX Info: Redefining \% on input line 911.
 [28]
LaTeX Info: Redefining \. on input line 926.
LaTeX Info: Redefining \% on input line 926.
 [29]
LaTeX Info: Redefining \. on input line 945.
LaTeX Info: Redefining \% on input line 945.
 [30]
Overfull \hbox (0.74086pt too wide) in paragraph at lines 988--989
[]\TU/TimesNewRoman(0)/m/n/10 SCATS/SCOOT  
 []


Underfull \hbox (badness 10000) in alignment at lines 959--1092
[] [] [] [] [] []
 []


Underfull \hbox (badness 10000) in alignment at lines 1092--1094
[] [] [] [] [] []
 []


Underfull \hbox (badness 10000) in alignment at lines 1094--1095
[] [] [] [] [] []
 []

LaTeX Info: Redefining \. on input line 1101.
LaTeX Info: Redefining \% on input line 1101.
[31]
File: ./media/image127.png Graphic file (type bmp)
<./media/image127.png>
LaTeX Info: Redefining \. on input line 1114.
LaTeX Info: Redefining \% on input line 1114.
 [32]
File: ./media/image132.png Graphic file (type bmp)
<./media/image132.png>
LaTeX Info: Redefining \. on input line 1125.
LaTeX Info: Redefining \% on input line 1125.
 [33]
File: ./media/image144.png Graphic file (type bmp)
<./media/image144.png>
LaTeX Info: Redefining \. on input line 1137.
LaTeX Info: Redefining \% on input line 1137.
 [34]
File: ./media/image45.png Graphic file (type bmp)
<./media/image45.png>
LaTeX Info: Redefining \. on input line 1148.
LaTeX Info: Redefining \% on input line 1148.
 [35]
Underfull \hbox (badness 10000) in alignment at lines 1164--1222
[] [] [] [] []
 []


Underfull \hbox (badness 10000) in alignment at lines 1222--1224
[] [] [] [] []
 []


Underfull \hbox (badness 10000) in alignment at lines 1224--1225
[] [] [] [] []
 []

LaTeX Info: Redefining \. on input line 1225.
LaTeX Info: Redefining \% on input line 1225.
[36]
LaTeX Info: Redefining \. on input line 1231.
LaTeX Info: Redefining \% on input line 1231.
 [37]
Capítulo 3.
[38

]
LaTeX Info: Redefining \. on input line 1272.
LaTeX Info: Redefining \% on input line 1272.
 [39]
Overfull \vbox (37.30869pt too high) detected at line 1302
 []

LaTeX Info: Redefining \. on input line 1417.
LaTeX Info: Redefining \% on input line 1417.
[40]
LaTeX Info: Redefining \. on input line 1417.
LaTeX Info: Redefining \% on input line 1417.
 [41]
LaTeX Info: Redefining \. on input line 1417.
LaTeX Info: Redefining \% on input line 1417.
 [42]
Overfull \vbox (68.20389pt too high) has occurred while \output is active []

LaTeX Info: Redefining \. on input line 1417.
LaTeX Info: Redefining \% on input line 1417.

[43]
File: ./media/image91.png Graphic file (type bmp)
<./media/image91.png>
LaTeX Info: Redefining \. on input line 1459.
LaTeX Info: Redefining \% on input line 1459.
 [44]
LaTeX Info: Redefining \. on input line 1499.
LaTeX Info: Redefining \% on input line 1499.
 [45]
LaTeX Info: Redefining \. on input line 1533.
LaTeX Info: Redefining \% on input line 1533.
 [46]
LaTeX Info: Redefining \. on input line 1599.
LaTeX Info: Redefining \% on input line 1599.
 [47]
LaTeX Info: Redefining \. on input line 1667.
LaTeX Info: Redefining \% on input line 1667.
 [48]
File: ./media/image154.jpg Graphic file (type bmp)
<./media/image154.jpg>
LaTeX Info: Redefining \. on input line 1695.
LaTeX Info: Redefining \% on input line 1695.
 [49]
LaTeX Info: Redefining \. on input line 1741.
LaTeX Info: Redefining \% on input line 1741.
 [50]
LaTeX Info: Redefining \. on input line 1765.
LaTeX Info: Redefining \% on input line 1765.
 [51]
File: ./media/image27.png Graphic file (type bmp)
<./media/image27.png>
LaTeX Info: Redefining \. on input line 1791.
LaTeX Info: Redefining \% on input line 1791.
 [52]
File: ./media/image74.png Graphic file (type bmp)
<./media/image74.png>
LaTeX Info: Redefining \. on input line 1821.
LaTeX Info: Redefining \% on input line 1821.
 [53]
File: ./media/image83.png Graphic file (type bmp)
<./media/image83.png>
LaTeX Info: Redefining \. on input line 1827.
LaTeX Info: Redefining \% on input line 1827.
 [54]
LaTeX Info: Redefining \. on input line 1845.
LaTeX Info: Redefining \% on input line 1845.
 [55]
File: ./media/image80.png Graphic file (type bmp)
<./media/image80.png>
LaTeX Info: Redefining \. on input line 1878.
LaTeX Info: Redefining \% on input line 1878.
 [56]
LaTeX Info: Redefining \. on input line 1894.
LaTeX Info: Redefining \% on input line 1894.
 [57]
LaTeX Info: Redefining \. on input line 1914.
LaTeX Info: Redefining \% on input line 1914.

[58]
File: ./media/image147.png Graphic file (type bmp)
<./media/image147.png>
LaTeX Info: Redefining \. on input line 1946.
LaTeX Info: Redefining \% on input line 1946.
 [59]
LaTeX Info: Redefining \. on input line 1957.
LaTeX Info: Redefining \% on input line 1957.
 [60]
LaTeX Info: Redefining \. on input line 1967.
LaTeX Info: Redefining \% on input line 1967.
 [61]
File: ./media/image140.png Graphic file (type bmp)
<./media/image140.png>
LaTeX Info: Redefining \. on input line 1980.
LaTeX Info: Redefining \% on input line 1980.
 [62]
LaTeX Info: Redefining \. on input line 1987.
LaTeX Info: Redefining \% on input line 1987.
 [63]
File: ./media/image49.png Graphic file (type bmp)
<./media/image49.png>
LaTeX Info: Redefining \. on input line 2000.
LaTeX Info: Redefining \% on input line 2000.
 [64]
File: ./media/image66.png Graphic file (type bmp)
<./media/image66.png>
File: ./media/image33.png Graphic file (type bmp)
<./media/image33.png>
LaTeX Info: Redefining \. on input line 2006.
LaTeX Info: Redefining \% on input line 2006.
 [65]
File: ./media/image13.png Graphic file (type bmp)
<./media/image13.png>
LaTeX Info: Redefining \. on input line 2016.
LaTeX Info: Redefining \% on input line 2016.
 [66]
LaTeX Info: Redefining \. on input line 2025.
LaTeX Info: Redefining \% on input line 2025.
 [67]
File: ./media/image151.png Graphic file (type bmp)
<./media/image151.png>
LaTeX Info: Redefining \. on input line 2034.
LaTeX Info: Redefining \% on input line 2034.
 [68]
Capítulo 4.
File: ./media/image89.png Graphic file (type bmp)
<./media/image89.png>
[69

]
LaTeX Info: Redefining \. on input line 2062.
LaTeX Info: Redefining \% on input line 2062.
 [70]
File: ./media/image120.png Graphic file (type bmp)
<./media/image120.png>
LaTeX Info: Redefining \. on input line 2079.
LaTeX Info: Redefining \% on input line 2079.
 [71]
File: ./media/image75.png Graphic file (type bmp)
<./media/image75.png>
LaTeX Info: Redefining \. on input line 2090.
LaTeX Info: Redefining \% on input line 2090.
 [72]
File: ./media/image28.png Graphic file (type bmp)
<./media/image28.png>
LaTeX Info: Redefining \. on input line 2097.
LaTeX Info: Redefining \% on input line 2097.
 [73]
LaTeX Info: Redefining \. on input line 2111.
LaTeX Info: Redefining \% on input line 2111.
 [74]
File: ./media/image150.png Graphic file (type bmp)
<./media/image150.png>
File: ./media/image15.png Graphic file (type bmp)
<./media/image15.png>
LaTeX Info: Redefining \. on input line 2125.
LaTeX Info: Redefining \% on input line 2125.
 [75]
LaTeX Info: Redefining \. on input line 2139.
LaTeX Info: Redefining \% on input line 2139.
 [76]
File: ./media/image110.png Graphic file (type bmp)
<./media/image110.png>
File: ./media/image93.png Graphic file (type bmp)
<./media/image93.png>
LaTeX Info: Redefining \. on input line 2151.
LaTeX Info: Redefining \% on input line 2151.
 [77]
File: ./media/image60.png Graphic file (type bmp)
<./media/image60.png>
LaTeX Info: Redefining \. on input line 2164.
LaTeX Info: Redefining \% on input line 2164.
 [78]
File: ./media/image85.png Graphic file (type bmp)
<./media/image85.png>
LaTeX Info: Redefining \. on input line 2173.
LaTeX Info: Redefining \% on input line 2173.
 [79]
LaTeX Info: Redefining \. on input line 2185.
LaTeX Info: Redefining \% on input line 2185.
 [80]
File: ./media/image157.png Graphic file (type bmp)
<./media/image157.png>
File: ./media/image88.png Graphic file (type bmp)
<./media/image88.png>
LaTeX Info: Redefining \. on input line 2201.
LaTeX Info: Redefining \% on input line 2201.
 [81]
File: ./media/image139.png Graphic file (type bmp)
<./media/image139.png>
LaTeX Info: Redefining \. on input line 2214.
LaTeX Info: Redefining \% on input line 2214.
 [82]
File: ./media/image54.png Graphic file (type bmp)
<./media/image54.png>
LaTeX Info: Redefining \. on input line 2225.
LaTeX Info: Redefining \% on input line 2225.
 [83]
LaTeX Info: Redefining \. on input line 2269.
LaTeX Info: Redefining \% on input line 2269.

[84]
File: ./media/image153.png Graphic file (type bmp)
<./media/image153.png>
LaTeX Info: Redefining \. on input line 2287.
LaTeX Info: Redefining \% on input line 2287.
 [85]
LaTeX Info: Redefining \. on input line 2297.
LaTeX Info: Redefining \% on input line 2297.
 [86]
File: ./media/image20.png Graphic file (type bmp)
<./media/image20.png>
LaTeX Info: Redefining \. on input line 2316.
LaTeX Info: Redefining \% on input line 2316.
 [87]
File: ./media/image68.png Graphic file (type bmp)
<./media/image68.png>
LaTeX Info: Redefining \. on input line 2327.
LaTeX Info: Redefining \% on input line 2327.
 [88]
LaTeX Info: Redefining \. on input line 2345.
LaTeX Info: Redefining \% on input line 2345.
 [89]
LaTeX Info: Redefining \. on input line 2360.
LaTeX Info: Redefining \% on input line 2360.
 [90]
Underfull \hbox (badness 10000) in alignment at lines 2369--2449
[] [] []
 []


Underfull \hbox (badness 10000) in alignment at lines 2449--2451
[] [] []
 []


Underfull \hbox (badness 10000) in alignment at lines 2451--2452
[] [] []
 []

LaTeX Info: Redefining \. on input line 2459.
LaTeX Info: Redefining \% on input line 2459.
[91]
File: ./media/image21.png Graphic file (type bmp)
<./media/image21.png>
LaTeX Info: Redefining \. on input line 2482.
LaTeX Info: Redefining \% on input line 2482.
 [92]
LaTeX Info: Redefining \. on input line 2493.
LaTeX Info: Redefining \% on input line 2493.
 [93]
Underfull \hbox (badness 10000) in alignment at lines 2503--2638
[] [] [] [] []
 []


Underfull \hbox (badness 10000) in alignment at lines 2638--2640
[] [] [] [] []
 []


Underfull \hbox (badness 10000) in alignment at lines 2640--2641
[] [] [] [] []
 []


Underfull \hbox (badness 10000) in alignment at lines 2670--2717
[] [] [] []
 []


Underfull \hbox (badness 10000) in alignment at lines 2717--2719
[] [] [] []
 []


Underfull \hbox (badness 10000) in alignment at lines 2719--2720
[] [] [] []
 []

LaTeX Info: Redefining \. on input line 2720.
LaTeX Info: Redefining \% on input line 2720.
[94]
File: ./media/image86.png Graphic file (type bmp)
<./media/image86.png>
LaTeX Info: Redefining \. on input line 2734.
LaTeX Info: Redefining \% on input line 2734.
 [95]
File: ./media/image87.png Graphic file (type bmp)
<./media/image87.png>
LaTeX Info: Redefining \. on input line 2759.
LaTeX Info: Redefining \% on input line 2759.
 [96]
LaTeX Info: Redefining \. on input line 2794.
LaTeX Info: Redefining \% on input line 2794.
 [97]
File: ./media/image114.png Graphic file (type bmp)
<./media/image114.png>
LaTeX Info: Redefining \. on input line 2835.
LaTeX Info: Redefining \% on input line 2835.
 [98]
Underfull \hbox (badness 10000) in paragraph at lines 2837--2838

 []

File: ./media/image6.png Graphic file (type bmp)
<./media/image6.png>
LaTeX Info: Redefining \. on input line 2863.
LaTeX Info: Redefining \% on input line 2863.
[99]
File: ./media/image72.png Graphic file (type bmp)
<./media/image72.png>
LaTeX Info: Redefining \. on input line 2890.
LaTeX Info: Redefining \% on input line 2890.
 [100]
File: ./media/image56.png Graphic file (type bmp)
<./media/image56.png>
File: ./media/image136.png Graphic file (type bmp)
<./media/image136.png>
LaTeX Info: Redefining \. on input line 2903.
LaTeX Info: Redefining \% on input line 2903.
 [101]
File: ./media/image101.png Graphic file (type bmp)
<./media/image101.png>
LaTeX Info: Redefining \. on input line 2912.
LaTeX Info: Redefining \% on input line 2912.
 [102]
File: ./media/image35.png Graphic file (type bmp)
<./media/image35.png>
LaTeX Info: Redefining \. on input line 2925.
LaTeX Info: Redefining \% on input line 2925.
 [103]
LaTeX Info: Redefining \. on input line 2934.
LaTeX Info: Redefining \% on input line 2934.
 [104]
File: ./media/image40.png Graphic file (type bmp)
<./media/image40.png>
LaTeX Info: Redefining \. on input line 3014.
LaTeX Info: Redefining \% on input line 3014.
 [105]
Underfull \hbox (badness 10000) in alignment at lines 3032--3080
[] []
 []


Underfull \hbox (badness 10000) in alignment at lines 3080--3082
[] []
 []


Underfull \hbox (badness 10000) in alignment at lines 3082--3083
[] []
 []

LaTeX Info: Redefining \. on input line 3083.
LaTeX Info: Redefining \% on input line 3083.
[106]
File: ./media/image44.png Graphic file (type bmp)
<./media/image44.png>
LaTeX Info: Redefining \. on input line 3093.
LaTeX Info: Redefining \% on input line 3093.
 [107]
File: ./media/image107.png Graphic file (type bmp)
<./media/image107.png>
LaTeX Info: Redefining \. on input line 3102.
LaTeX Info: Redefining \% on input line 3102.
 [108]
File: ./media/image126.png Graphic file (type bmp)
<./media/image126.png>
File: ./media/image148.png Graphic file (type bmp)
<./media/image148.png>
LaTeX Info: Redefining \. on input line 3120.
LaTeX Info: Redefining \% on input line 3120.
 [109]
File: ./media/image24.png Graphic file (type bmp)
<./media/image24.png>
LaTeX Info: Redefining \. on input line 3134.
LaTeX Info: Redefining \% on input line 3134.
 [110]
File: ./media/image2.png Graphic file (type bmp)
<./media/image2.png>
LaTeX Info: Redefining \. on input line 3147.
LaTeX Info: Redefining \% on input line 3147.
 [111]
File: ./media/image22.png Graphic file (type bmp)
<./media/image22.png>
LaTeX Info: Redefining \. on input line 3155.
LaTeX Info: Redefining \% on input line 3155.
 [112]
LaTeX Info: Redefining \. on input line 3165.
LaTeX Info: Redefining \% on input line 3165.
 [113]
Underfull \hbox (badness 10000) in paragraph at lines 3170--3172

 []

File: ./media/image117.png Graphic file (type bmp)
<./media/image117.png>
LaTeX Info: Redefining \. on input line 3182.
LaTeX Info: Redefining \% on input line 3182.
[114]
File: ./media/image77.png Graphic file (type bmp)
<./media/image77.png>
File: ./media/image69.png Graphic file (type bmp)
<./media/image69.png>
LaTeX Info: Redefining \. on input line 3198.
LaTeX Info: Redefining \% on input line 3198.
 [115]
File: ./media/image8.png Graphic file (type bmp)
<./media/image8.png>
LaTeX Info: Redefining \. on input line 3215.
LaTeX Info: Redefining \% on input line 3215.
 [116]
LaTeX Info: Redefining \. on input line 3227.
LaTeX Info: Redefining \% on input line 3227.
 [117]
File: ./media/image97.png Graphic file (type bmp)
<./media/image97.png>
File: ./media/image11.png Graphic file (type bmp)
<./media/image11.png>
LaTeX Info: Redefining \. on input line 3243.
LaTeX Info: Redefining \% on input line 3243.
 [118]
LaTeX Info: Redefining \. on input line 3248.
LaTeX Info: Redefining \% on input line 3248.
 [119]
Capítulo 5.
File: ./media/image30.png Graphic file (type bmp)
<./media/image30.png>
File: ./media/image64.png Graphic file (type bmp)
<./media/image64.png>
[120

]
LaTeX Info: Redefining \. on input line 3283.
LaTeX Info: Redefining \% on input line 3283.
 [121]
LaTeX Info: Redefining \. on input line 3297.
LaTeX Info: Redefining \% on input line 3297.
 [122]
File: ./media/image111.png Graphic file (type bmp)
<./media/image111.png>
LaTeX Info: Redefining \. on input line 3306.
LaTeX Info: Redefining \% on input line 3306.
 [123]
File: ./media/image109.png Graphic file (type bmp)
<./media/image109.png>
LaTeX Info: Redefining \. on input line 3315.
LaTeX Info: Redefining \% on input line 3315.
 [124]
LaTeX Info: Redefining \. on input line 3323.
LaTeX Info: Redefining \% on input line 3323.
 [125]
File: ./media/image145.png Graphic file (type bmp)
<./media/image145.png>
LaTeX Info: Redefining \. on input line 3344.
LaTeX Info: Redefining \% on input line 3344.
 [126]
File: ./media/image84.png Graphic file (type bmp)
<./media/image84.png>
LaTeX Info: Redefining \. on input line 3355.
LaTeX Info: Redefining \% on input line 3355.
 [127]
File: ./media/image70.png Graphic file (type bmp)
<./media/image70.png>
LaTeX Info: Redefining \. on input line 3361.
LaTeX Info: Redefining \% on input line 3361.
 [128]
File: ./media/image14.png Graphic file (type bmp)
<./media/image14.png>
LaTeX Info: Redefining \. on input line 3370.
LaTeX Info: Redefining \% on input line 3370.
 [129]
File: ./media/image57.png Graphic file (type bmp)
<./media/image57.png>
LaTeX Info: Redefining \. on input line 3384.
LaTeX Info: Redefining \% on input line 3384.
 [130]
File: ./media/image79.png Graphic file (type bmp)
<./media/image79.png>
LaTeX Info: Redefining \. on input line 3396.
LaTeX Info: Redefining \% on input line 3396.
 [131]
File: ./media/image16.png Graphic file (type bmp)
<./media/image16.png>
LaTeX Info: Redefining \. on input line 3407.
LaTeX Info: Redefining \% on input line 3407.

[132]
LaTeX Info: Redefining \. on input line 3413.
LaTeX Info: Redefining \% on input line 3413.
 [133]
LaTeX Info: Redefining \. on input line 3441.
LaTeX Info: Redefining \% on input line 3441.
 [134]
LaTeX Info: Redefining \. on input line 3471.
LaTeX Info: Redefining \% on input line 3471.
 [135]
File: ./media/image42.png Graphic file (type bmp)
<./media/image42.png>
LaTeX Info: Redefining \. on input line 3488.
LaTeX Info: Redefining \% on input line 3488.
 [136]
File: ./media/image37.png Graphic file (type bmp)
<./media/image37.png>
LaTeX Info: Redefining \. on input line 3497.
LaTeX Info: Redefining \% on input line 3497.
 [137]
File: ./media/image51.png Graphic file (type bmp)
<./media/image51.png>
LaTeX Info: Redefining \. on input line 3545.
LaTeX Info: Redefining \% on input line 3545.
 [138]
File: ./media/image125.png Graphic file (type bmp)
<./media/image125.png>
LaTeX Info: Redefining \. on input line 3565.
LaTeX Info: Redefining \% on input line 3565.
 [139]
LaTeX Info: Redefining \. on input line 3637.
LaTeX Info: Redefining \% on input line 3637.
 [140]
LaTeX Info: Redefining \. on input line 3687.
LaTeX Info: Redefining \% on input line 3687.
 [141]
Underfull \hbox (badness 2376) in paragraph at lines 3703--3704
[]$[][] \OT1/cmr/m/n/12 = \OML/cmm/m/it/12 F[]\OT1/cmr/m/n/12 /\OML/cmm/m/it/12
 A  \OT1/cmr/m/n/12 = 0\OML/cmm/m/it/12 :\OT1/cmr/m/n/12 1\OML/cmm/m/it/12 N \O
T1/cmr/m/n/12 / 350 \OML/cmm/m/it/12 mm[]  \OT1/cmr/m/n/12 =  2\OML/cmm/m/it/12
 :\OT1/cmr/m/n/12 86  \OMS/cmsy/m/n/12 ^^B
 []

LaTeX Info: Redefining \. on input line 3737.
LaTeX Info: Redefining \% on input line 3737.
[142]
LaTeX Info: Redefining \. on input line 3765.
LaTeX Info: Redefining \% on input line 3765.
 [143]
LaTeX Info: Redefining \. on input line 3808.
LaTeX Info: Redefining \% on input line 3808.
 [144]
File: ./media/image73.png Graphic file (type bmp)
<./media/image73.png>
LaTeX Info: Redefining \. on input line 3835.
LaTeX Info: Redefining \% on input line 3835.
 [145]
LaTeX Info: Redefining \. on input line 3900.
LaTeX Info: Redefining \% on input line 3900.
 [146]
File: ./media/image29.png Graphic file (type bmp)
<./media/image29.png>
LaTeX Info: Redefining \. on input line 3922.
LaTeX Info: Redefining \% on input line 3922.
 [147]
File: ./media/image104.png Graphic file (type bmp)
<./media/image104.png>
LaTeX Info: Redefining \. on input line 3946.
LaTeX Info: Redefining \% on input line 3946.
 [148]
LaTeX Info: Redefining \. on input line 4006.
LaTeX Info: Redefining \% on input line 4006.
 [149]
File: ./media/image55.png Graphic file (type bmp)
<./media/image55.png>
LaTeX Info: Redefining \. on input line 4041.
LaTeX Info: Redefining \% on input line 4041.
 [150]
File: ./media/image159.png Graphic file (type bmp)
<./media/image159.png>
LaTeX Info: Redefining \. on input line 4069.
LaTeX Info: Redefining \% on input line 4069.
 [151]
File: ./media/image90.png Graphic file (type bmp)
<./media/image90.png>
LaTeX Info: Redefining \. on input line 4085.
LaTeX Info: Redefining \% on input line 4085.
 [152]
LaTeX Info: Redefining \. on input line 4104.
LaTeX Info: Redefining \% on input line 4104.
 [153]
File: ./media/image96.png Graphic file (type bmp)
<./media/image96.png>
LaTeX Info: Redefining \. on input line 4119.
LaTeX Info: Redefining \% on input line 4119.

[154]
LaTeX Info: Redefining \. on input line 4160.
LaTeX Info: Redefining \% on input line 4160.
 [155]
LaTeX Info: Redefining \. on input line 4201.
LaTeX Info: Redefining \% on input line 4201.
 [156]
File: ./media/image134.png Graphic file (type bmp)
<./media/image134.png>
LaTeX Info: Redefining \. on input line 4226.
LaTeX Info: Redefining \% on input line 4226.
 [157]
File: ./media/image31.png Graphic file (type bmp)
<./media/image31.png>
LaTeX Info: Redefining \. on input line 4244.
LaTeX Info: Redefining \% on input line 4244.
 [158]
File: ./media/image100.png Graphic file (type bmp)
<./media/image100.png>
LaTeX Info: Redefining \. on input line 4263.
LaTeX Info: Redefining \% on input line 4263.
 [159]
LaTeX Info: Redefining \. on input line 4282.
LaTeX Info: Redefining \% on input line 4282.
 [160]
File: ./media/image141.png Graphic file (type bmp)
<./media/image141.png>
LaTeX Info: Redefining \. on input line 4304.
LaTeX Info: Redefining \% on input line 4304.
 [161]
LaTeX Info: Redefining \. on input line 4325.
LaTeX Info: Redefining \% on input line 4325.
 [162]
File: ./media/image61.png Graphic file (type bmp)
<./media/image61.png>
LaTeX Info: Redefining \. on input line 4349.
LaTeX Info: Redefining \% on input line 4349.
 [163]
File: ./media/image99.png Graphic file (type bmp)
<./media/image99.png>
LaTeX Info: Redefining \. on input line 4358.
LaTeX Info: Redefining \% on input line 4358.
 [164]
LaTeX Info: Redefining \. on input line 4388.
LaTeX Info: Redefining \% on input line 4388.
 [165]
File: ./media/image130.png Graphic file (type bmp)
<./media/image130.png>
File: ./media/image1.png Graphic file (type bmp)
<./media/image1.png>
LaTeX Info: Redefining \. on input line 4405.
LaTeX Info: Redefining \% on input line 4405.

[166]
LaTeX Info: Redefining \. on input line 4430.
LaTeX Info: Redefining \% on input line 4430.
 [167]
LaTeX Info: Redefining \. on input line 4455.
LaTeX Info: Redefining \% on input line 4455.
 [168]
Capítulo 6.
[169

]
LaTeX Info: Redefining \. on input line 4536.
LaTeX Info: Redefining \% on input line 4536.
 [170]
LaTeX Info: Redefining \. on input line 4600.
LaTeX Info: Redefining \% on input line 4600.
 [171]
LaTeX Info: Redefining \. on input line 4672.
LaTeX Info: Redefining \% on input line 4672.
 [172]
Overfull \hbox (13.73601pt too wide) detected at line 4698
[][]\OML/cmm/m/it/12 ev[]\OT1/cmr/m/n/12 (\OML/cmm/m/it/12 v; t\OT1/cmr/m/n/12 
) = []
 []

LaTeX Info: Redefining \. on input line 4724.
LaTeX Info: Redefining \% on input line 4724.
[173]
LaTeX Info: Redefining \. on input line 4764.
LaTeX Info: Redefining \% on input line 4764.
 [174]
LaTeX Info: Redefining \. on input line 4805.
LaTeX Info: Redefining \% on input line 4805.
 [175]
File: ./media/image95.png Graphic file (type bmp)
<./media/image95.png>
LaTeX Info: Redefining \. on input line 4844.
LaTeX Info: Redefining \% on input line 4844.
 [176]
LaTeX Info: Redefining \. on input line 4876.
LaTeX Info: Redefining \% on input line 4876.
 [177]
File: ./media/image143.png Graphic file (type bmp)
<./media/image143.png>
LaTeX Info: Redefining \. on input line 4911.
LaTeX Info: Redefining \% on input line 4911.
 [178]
LaTeX Info: Redefining \. on input line 4951.
LaTeX Info: Redefining \% on input line 4951.
 [179]
LaTeX Info: Redefining \. on input line 4990.
LaTeX Info: Redefining \% on input line 4990.
 [180]
File: ./media/image50.png Graphic file (type bmp)
<./media/image50.png>
LaTeX Info: Redefining \. on input line 5032.
LaTeX Info: Redefining \% on input line 5032.
 [181]
LaTeX Info: Redefining \. on input line 5067.
LaTeX Info: Redefining \% on input line 5067.
 [182]
LaTeX Info: Redefining \. on input line 5107.
LaTeX Info: Redefining \% on input line 5107.
 [183]
File: ./media/image112.png Graphic file (type bmp)
<./media/image112.png>
LaTeX Info: Redefining \. on input line 5130.
LaTeX Info: Redefining \% on input line 5130.
 [184]
LaTeX Info: Redefining \. on input line 5154.
LaTeX Info: Redefining \% on input line 5154.

[185]
LaTeX Info: Redefining \. on input line 5202.
LaTeX Info: Redefining \% on input line 5202.
 [186]
LaTeX Info: Redefining \. on input line 5249.
LaTeX Info: Redefining \% on input line 5249.
 [187]
LaTeX Info: Redefining \. on input line 5285.
LaTeX Info: Redefining \% on input line 5285.
 [188]
LaTeX Info: Redefining \. on input line 5303.
LaTeX Info: Redefining \% on input line 5303.
 [189]
LaTeX Info: Redefining \. on input line 5352.
LaTeX Info: Redefining \% on input line 5352.
 [190]
LaTeX Info: Redefining \. on input line 5404.
LaTeX Info: Redefining \% on input line 5404.
 [191]
LaTeX Info: Redefining \. on input line 5443.
LaTeX Info: Redefining \% on input line 5443.
 [192]
LaTeX Info: Redefining \. on input line 5484.
LaTeX Info: Redefining \% on input line 5484.
 [193]
LaTeX Info: Redefining \. on input line 5515.
LaTeX Info: Redefining \% on input line 5515.
 [194]
LaTeX Info: Redefining \. on input line 5586.
LaTeX Info: Redefining \% on input line 5586.
 [195]
LaTeX Info: Redefining \. on input line 5650.
LaTeX Info: Redefining \% on input line 5650.
 [196]
LaTeX Info: Redefining \. on input line 5731.
LaTeX Info: Redefining \% on input line 5731.

[197]
LaTeX Info: Redefining \. on input line 5820.
LaTeX Info: Redefining \% on input line 5820.
 [198]
LaTeX Info: Redefining \. on input line 5911.
LaTeX Info: Redefining \% on input line 5911.
 [199]
LaTeX Info: Redefining \. on input line 5965.
LaTeX Info: Redefining \% on input line 5965.
 [200]
LaTeX Info: Redefining \. on input line 5999.
LaTeX Info: Redefining \% on input line 5999.
 [201]
LaTeX Info: Redefining \. on input line 6033.
LaTeX Info: Redefining \% on input line 6033.
 [202]
Underfull \hbox (badness 10000) in paragraph at lines 6061--6062
[]\TU/TimesNewRoman(0)/m/n/12 donde $[]\OT1/cmr/m/n/12 (\OML/cmm/m/it/12 X[]\OT
1/cmr/m/n/12 ) \OMS/cmsy/m/n/12 2 \U/msb/m/n/12 R[]$ \TU/TimesNewRoman(0)/m/n/1
2 agrupa los estados locales, $\OML/cmm/m/it/12 M[]\OT1/cmr/m/n/12 (\OML/cmm/m/
it/12 t\OT1/cmr/m/n/12 ) =
 []

LaTeX Info: Redefining \. on input line 6062.
LaTeX Info: Redefining \% on input line 6062.
[203]
LaTeX Info: Redefining \. on input line 6109.
LaTeX Info: Redefining \% on input line 6109.
 [204]
LaTeX Info: Redefining \. on input line 6149.
LaTeX Info: Redefining \% on input line 6149.
 [205]
LaTeX Info: Redefining \. on input line 6187.
LaTeX Info: Redefining \% on input line 6187.
 [206]
File: ./media/image5.png Graphic file (type bmp)
<./media/image5.png>
LaTeX Info: Redefining \. on input line 6198.
LaTeX Info: Redefining \% on input line 6198.
 [207]
Overfull \hbox (70.11287pt too wide) detected at line 6217
[][]\OMS/cmsy/m/n/12 L\OT1/cmr/m/n/12 (\OML/cmm/m/it/12 ^^R; ^^^\OT1/cmr/m/n/12
 ) = []  + \OML/cmm/m/it/12 c[] []  \OMS/cmsy/m/n/12 ^^@ \OML/cmm/m/it/12 c[] [
]
 []

LaTeX Info: Redefining \. on input line 6230.
LaTeX Info: Redefining \% on input line 6230.
[208]
File: ./media/image36.png Graphic file (type bmp)
<./media/image36.png>
LaTeX Info: Redefining \. on input line 6247.
LaTeX Info: Redefining \% on input line 6247.
 [209]
LaTeX Info: Redefining \. on input line 6260.
LaTeX Info: Redefining \% on input line 6260.
 [210]
LaTeX Info: Redefining \. on input line 6277.
LaTeX Info: Redefining \% on input line 6277.
 [211]
LaTeX Info: Redefining \. on input line 6308.
LaTeX Info: Redefining \% on input line 6308.
 [212]
File: ./media/image39.png Graphic file (type bmp)
<./media/image39.png>
LaTeX Info: Redefining \. on input line 6330.
LaTeX Info: Redefining \% on input line 6330.
 [213]
LaTeX Info: Redefining \. on input line 6352.
LaTeX Info: Redefining \% on input line 6352.
 [214]
File: ./media/image78.png Graphic file (type bmp)
<./media/image78.png>
LaTeX Info: Redefining \. on input line 6369.
LaTeX Info: Redefining \% on input line 6369.
 [215]
LaTeX Info: Redefining \. on input line 6383.
LaTeX Info: Redefining \% on input line 6383.
 [216]
LaTeX Info: Redefining \. on input line 6440.
LaTeX Info: Redefining \% on input line 6440.
 [217]
LaTeX Info: Redefining \. on input line 6455.
LaTeX Info: Redefining \% on input line 6455.
 [218]
Capítulo 7.
[219

]
File: ./media/image65.png Graphic file (type bmp)
<./media/image65.png>
File: ./media/image58.png Graphic file (type bmp)
<./media/image58.png>
LaTeX Info: Redefining \. on input line 6495.
LaTeX Info: Redefining \% on input line 6495.
 [220]
File: ./media/image10.png Graphic file (type bmp)
<./media/image10.png>
LaTeX Info: Redefining \. on input line 6517.
LaTeX Info: Redefining \% on input line 6517.
 [221]
LaTeX Info: Redefining \. on input line 6538.
LaTeX Info: Redefining \% on input line 6538.
 [222]
LaTeX Info: Redefining \. on input line 6603.
LaTeX Info: Redefining \% on input line 6603.
 [223]
LaTeX Info: Redefining \. on input line 6647.
LaTeX Info: Redefining \% on input line 6647.
 [224]
LaTeX Info: Redefining \. on input line 6704.
LaTeX Info: Redefining \% on input line 6704.
 [225]
File: ./media/image115.png Graphic file (type bmp)
<./media/image115.png>
File: ./media/image81.png Graphic file (type bmp)
<./media/image81.png>
LaTeX Info: Redefining \. on input line 6756.
LaTeX Info: Redefining \% on input line 6756.
 [226]
File: ./media/image128.png Graphic file (type bmp)
<./media/image128.png>
LaTeX Info: Redefining \. on input line 6791.
LaTeX Info: Redefining \% on input line 6791.
 [227]
File: ./media/image131.png Graphic file (type bmp)
<./media/image131.png>
LaTeX Info: Redefining \. on input line 6814.
LaTeX Info: Redefining \% on input line 6814.
 [228]
LaTeX Info: Redefining \. on input line 6851.
LaTeX Info: Redefining \% on input line 6851.
 [229]
LaTeX Info: Redefining \. on input line 6892.
LaTeX Info: Redefining \% on input line 6892.
 [230]
LaTeX Info: Redefining \. on input line 7436.
LaTeX Info: Redefining \% on input line 7436.

[231]
LaTeX Info: Redefining \. on input line 7436.
LaTeX Info: Redefining \% on input line 7436.
 [232]
LaTeX Info: Redefining \. on input line 7436.
LaTeX Info: Redefining \% on input line 7436.
 [233]
Overfull \vbox (418.59583pt too high) has occurred while \output is active []

LaTeX Info: Redefining \. on input line 7436.
LaTeX Info: Redefining \% on input line 7436.

[234]
Underfull \hbox (badness 10000) in alignment at lines 7452--7597
[] [] [] [] []
 []


Underfull \hbox (badness 10000) in alignment at lines 7597--7599
[] [] [] [] []
 []


Underfull \hbox (badness 10000) in alignment at lines 7599--7600
[] [] [] [] []
 []

LaTeX Info: Redefining \. on input line 7605.
LaTeX Info: Redefining \% on input line 7605.
[235]
LaTeX Info: Redefining \. on input line 7613.
LaTeX Info: Redefining \% on input line 7613.
 [236]
Underfull \hbox (badness 10000) in alignment at lines 7627--7674
[] [] [] []
 []


Underfull \hbox (badness 10000) in alignment at lines 7674--7676
[] [] [] []
 []


Underfull \hbox (badness 10000) in alignment at lines 7676--7677
[] [] [] []
 []

LaTeX Info: Redefining \. on input line 7691.
LaTeX Info: Redefining \% on input line 7691.
[237]
LaTeX Info: Redefining \. on input line 7691.
LaTeX Info: Redefining \% on input line 7691.
 [238] [239

]
LaTeX Info: Redefining \. on input line 7705.
LaTeX Info: Redefining \% on input line 7705.
 [240]
Underfull \hbox (badness 1178) in paragraph at lines 7710--7712
[]\TU/TimesNewRoman(0)/m/n/12 Adafruit Industries. (2016, 9 de febrero). MCP300
8 | Raspberry Pi Analog to
 []


Underfull \hbox (badness 10000) in paragraph at lines 7712--7714
[][][]\TU/TimesNewRoman(0)/m/n/12 https://www.advancedpcb.com/en[]-[]us/resourc
es/blog/understanding[]-[]high[]-[]po[]-[]wer[]-[]pcb[]-
 []


Underfull \hbox (badness 6188) in paragraph at lines 7714--7716
[]\TU/TimesNewRoman(0)/m/n/12 Aleko, D. R., & Djahel, S. (2023). An IoT enabled
 traffic light contro-
 []


Underfull \hbox (badness 10000) in paragraph at lines 7714--7716
\TU/TimesNewRoman(0)/m/n/12 llers synchronization method for road traffic conge
stion mitigation. Pro-
 []


Underfull \hbox (badness 3919) in paragraph at lines 7714--7716
\TU/TimesNewRoman(0)/m/n/12 ceedings of the 2nd International Conference on Edg
e Computing and Ap-
 []


Underfull \hbox (badness 10000) in paragraph at lines 7714--7716
\TU/TimesNewRoman(0)/m/n/12 plications (ICECAA 2023), IEEE Xplore Part Number: 
CFP23BV8-ART.
 []


Underfull \hbox (badness 4846) in paragraph at lines 7716--7718
[]\TU/TimesNewRoman(0)/m/n/12 Altium. (2022, 10 de diciembre). IPC-2221 Calcula
tor for PCB Trace Cu-
 []


Underfull \hbox (badness 10000) in paragraph at lines 7720--7722
[]\TU/TimesNewRoman(0)/m/n/12 APC Guard. (s.f.). Smart-UPS SMT1500IC Datasheet.

 []


Underfull \hbox (badness 10000) in paragraph at lines 7728--7730
[]\TU/TimesNewRoman(0)/m/n/12 ATO. (2020). NEMA 23 stepper motor specifications
 [Hoja de datos].
 []

[241

]
Underfull \hbox (badness 10000) in paragraph at lines 7734--7736
[]\TU/TimesNewRoman(0)/m/n/12 BBMLED. (s.f.). How IoT enhances smart traffic li
ght systems.
 []


Underfull \hbox (badness 10000) in paragraph at lines 7736--7738
[]\TU/TimesNewRoman(0)/m/n/12 BC Robotics. (s.f.). Getting Started With The Ras
pberry Pi 16
 []


Underfull \hbox (badness 10000) in paragraph at lines 7736--7738
\TU/TimesNewRoman(0)/m/n/12 Channel ADC HAT. [][][]https://bc[]-[]ro[]-[]bo[]-[
]tics.com/tutorials/getting[]-[]star[]-[]ted[]-
 []


Underfull \hbox (badness 10000) in paragraph at lines 7736--7738
[]\TU/TimesNewRoman(0)/m/n/12 rasp[]-[]berry[]-[]16[]-[]chan[]-[]nel[]-[]adc[]-
[]hat/?srsltid=AfmBOoo5UNInhCebqc6AE[]-
 []


Underfull \hbox (badness 10000) in paragraph at lines 7742--7744
[]\TU/TimesNewRoman(0)/m/n/12 Boaz, R. W. (2009). NTCIP Center-To-Field Step by

 []


Underfull \hbox (badness 10000) in paragraph at lines 7742--7744
\TU/TimesNewRoman(0)/m/n/12 Step. Pillar Consulting, Inc. [][][]https://pillari
nc.com/wp[]-[]con[]-
 []


Underfull \hbox (badness 10000) in paragraph at lines 7746--7748
[][][]\TU/TimesNewRoman(0)/m/n/12 https://www.cmu.edu/news/stories/archives/201
9/october/traffic[]-[]mo[]-[]ves[]-[]at[]-[]speed[]-[]of[]-
 []


Underfull \hbox (badness 10000) in paragraph at lines 7748--7750
[]\TU/TimesNewRoman(0)/m/n/12 Coral. (s.f.). Get started with the Coral USB Acc
elerator.
 []


Underfull \hbox (badness 10000) in paragraph at lines 7752--7754
[]\TU/TimesNewRoman(0)/m/n/12 DFRobot. (s.f.). Capacitive soil moisture sensor 
v1.0.
 []


Underfull \hbox (badness 3250) in paragraph at lines 7754--7756
[]\TU/TimesNewRoman(0)/m/n/12 Digi-Key. (2015). SEN0150 capacitive soil moistur
e sensor [Hoja de datos].
 []


Overfull \hbox (36.34033pt too wide) in paragraph at lines 7754--7756
[][][]\TU/TimesNewRoman(0)/m/n/12 https://mm.digikey.com/Volume0/opasdata/d2200
01/medias/docus/2511/SEN0150_Web.pdf[][] 
 []

LaTeX Info: Redefining \. on input line 7756.
LaTeX Info: Redefining \% on input line 7756.
[242]
Underfull \hbox (badness 10000) in paragraph at lines 7756--7758
[]\TU/TimesNewRoman(0)/m/n/12 vehi[]-[]cu[]-[]lar[]-[]en[]-[]li[]-[]ma[]-[]la[]
-[]ciu[]-[]dad[]-[]mas[]-[]len[]-[]ta[]-[]de[]-[]ame[]-[]ri[]-[]ca[]-[]la[]-[]t
i[]-[]na[]-[]con[]-[]so[]-[]lo[]-[]145[]-[]kmh[]-[]en[]-[]ho[]-
 []


Underfull \hbox (badness 10000) in paragraph at lines 7758--7760
[]\TU/TimesNewRoman(0)/m/n/12 El Español. (2024). Un gigantesco atasco creado p
or hackers: así
 []


Underfull \hbox (badness 10000) in paragraph at lines 7758--7760
\TU/TimesNewRoman(0)/m/n/12 conseguirían los atacantes controlar los semáforos 
de una ciudad.
 []


Underfull \hbox (badness 10000) in paragraph at lines 7758--7760
[][][]\TU/TimesNewRoman(0)/m/n/12 https://www.elespanol.com/omicrono/tecnologia
/20240718/gigantesco[]-[]atas[]-[]co[]-[]crea[]-
 []


Underfull \hbox (badness 10000) in paragraph at lines 7762--7764
[]\TU/TimesNewRoman(0)/m/n/12 Finglai Electric. (s.f.). S-360-24 – Switching Po
wer Supply 24V 15A.
 []


Underfull \hbox (badness 10000) in paragraph at lines 7762--7764
[][][]\TU/TimesNewRoman(0)/m/n/12 https://www.finglai.com/products/switching[]-
[]po[]-[]wer[]-[]sup[]-[]plies/general[]-[]swit[]-[]ching[]-
 []


Underfull \hbox (badness 10000) in paragraph at lines 7766--7768
\TU/TimesNewRoman(0)/m/n/12 para el control de una intersección semaforizada. T
ecnología y Ciencias
 []


Underfull \hbox (badness 10000) in paragraph at lines 7766--7768
\TU/TimesNewRoman(0)/m/n/12 del Agua, 4(4), 11–21. [][][]https://www.scielo.org
.mx/scielo.php?pid=S1405[]-
 []


Underfull \hbox (badness 6110) in paragraph at lines 7768--7770
[]\TU/TimesNewRoman(0)/m/n/12 HandsOn Technology. (s.f.). 360W 24V 15A SMPS – P
ower Supply Da-
 []


Underfull \hbox (badness 10000) in paragraph at lines 7768--7770
\TU/TimesNewRoman(0)/m/n/12 tasheet. [][][]https://www.handsontec.com/dataspecs
/power$ $%20supply/360W[]-[]24V[]-
 []


Underfull \hbox (badness 2173) in paragraph at lines 7770--7772
[]\TU/TimesNewRoman(0)/m/n/12 Hikvision. (2022). DS-2CE57H0T-VPITF: Turbo HD ca
mera [Hoja de datos].
 []


Underfull \hbox (badness 10000) in paragraph at lines 7770--7772
[][][]\TU/TimesNewRoman(0)/m/n/12 https://www.hikvision.com/content/dam/hikvisi
on/usa/data[]-[]sheet/turbo[]-[]hd[]-[]ca[]-[]me[]-
 []


Underfull \hbox (badness 10000) in paragraph at lines 7772--7774
[]\TU/TimesNewRoman(0)/m/n/12 eng.lbl.gov/~shuman/NEXT/CURRENT_DESIGN/TP/MATERI
ALS/IPC[]-
 []


Underfull \hbox (badness 10000) in paragraph at lines 7774--7776
[]\TU/TimesNewRoman(0)/m/n/12 ITS Perú. (2024a). Semáforos inteligentes en San 
Isidro.
 []


Underfull \hbox (badness 1024) in paragraph at lines 7776--7778
[]\TU/TimesNewRoman(0)/m/n/12 ITS Perú. (2024b). ¿Quién o qué decide el ritmo d
e los semáforos en Lima?.
 []


Underfull \hbox (badness 10000) in paragraph at lines 7776--7778
[][][]\TU/TimesNewRoman(0)/m/n/12 https://itsperu.org/articulos/quien[]-[]o[]-[
]que[]-[]de[]-[]ci[]-[]de[]-[]el[]-[]rit[]-[]mo[]-[]de[]-[]los[]-[]se[]-[]ma[]-
[]fo[]-[]ros[]-[]en[]-[]li[]-
 []

LaTeX Info: Redefining \. on input line 7778.
LaTeX Info: Redefining \% on input line 7778.
[243]
Underfull \hbox (badness 10000) in paragraph at lines 7778--7780
[]\TU/TimesNewRoman(0)/m/n/12 Jitpakdeebodin, S., & Thongprasri, P. (2024). A s
im-
 []


Underfull \hbox (badness 10000) in paragraph at lines 7778--7780
\TU/TimesNewRoman(0)/m/n/12 ple real-time traffic light control system using PL
C. 2024
 []


Underfull \hbox (badness 10000) in paragraph at lines 7778--7780
\TU/TimesNewRoman(0)/m/n/12 12th International Electrical Engineering Congress 
(iEECON).
 []


Underfull \hbox (badness 2401) in paragraph at lines 7784--7786
[]\TU/TimesNewRoman(0)/m/n/12 KSN PCB. (s.f.). The Ultimate Guide of Mastering 
PCB Design Guidelines.
 []


Underfull \hbox (badness 2409) in paragraph at lines 7786--7788
[]\TU/TimesNewRoman(0)/m/n/12 Little Bird Electronics. (s.f.). Using a Logic-le
vel Shifter with Raspberry Pi.
 []


Underfull \hbox (badness 10000) in paragraph at lines 7786--7788
[][][]\TU/TimesNewRoman(0)/m/n/12 https://learn.littlebirdelectronics.com.au/gu
ides/using[]-[]a[]-[]lo[]-[]gic[]-[]le[]-[]vel[]-[]shif[]-[]ter[]-[]with[]-[]ra
sp[]-
 []


Underfull \hbox (badness 10000) in paragraph at lines 7790--7792
[]\TU/TimesNewRoman(0)/m/n/12 Mean Well. (s.f.b). HDR-15 Series Power Supply.
 []


Underfull \hbox (badness 1603) in paragraph at lines 7796--7798
[]\TU/TimesNewRoman(0)/m/n/12 National Electrical Manufacturers Association (NE
MA). (2021). NEMA TS 2-
 []


Underfull \hbox (badness 10000) in paragraph at lines 7796--7798
[][][]\TU/TimesNewRoman(0)/m/n/12 https://www.nema.org/docs/default[]-[]sour[]-
[]ce/standards[]-[]do[]-[]cu[]-[]ment[]-[]li[]-[]brary/nema[]-[]ts[]-[]2[]-
 []


Underfull \hbox (badness 8113) in paragraph at lines 7798--7800
[]\TU/TimesNewRoman(0)/m/n/12 Naylamp Mechatronics. (s.f.a). Conversor de nivel
 lógico 8ch TXS0108E.
 []


Underfull \hbox (badness 10000) in paragraph at lines 7798--7800
[][][]\TU/TimesNewRoman(0)/m/n/12 https://naylampmechatronics.com/conversores[]
-[]ttl/282[]-[]con[]-[]ver[]-[]sor[]-[]de[]-[]ni[]-[]vel[]-[]lo[]-[]gi[]-[]co[]
-
 []

LaTeX Info: Redefining \. on input line 7800.
LaTeX Info: Redefining \% on input line 7800.
[244]
Underfull \hbox (badness 5939) in paragraph at lines 7802--7804
[]\TU/TimesNewRoman(0)/m/n/12 Naylamp Mechatronics. (s.f.c). Motor PAP stepper 
NEMA23 57H1876-420-
 []


Underfull \hbox (badness 10000) in paragraph at lines 7804--7806
[]\TU/TimesNewRoman(0)/m/n/12 Naylamp Mechatronics. (s.f.d). Sensor de temperat
ura digital DS18B20.
 []


Underfull \hbox (badness 10000) in paragraph at lines 7804--7806
[][][]\TU/TimesNewRoman(0)/m/n/12 https://naylampmechatronics.com/sensores[]-[]
tem[]-[]pe[]-[]ra[]-[]tu[]-[]ra[]-[]y[]-[]hu[]-[]me[]-[]dad/16[]-[]sen[]-[]sor[
]-
 []


Underfull \hbox (badness 10000) in paragraph at lines 7810--7812
[]\TU/TimesNewRoman(0)/m/n/12 PULS Power. (s.f.a). CD5.051 – 5V, 10A DIN Rail P
ower Supply.
 []


Underfull \hbox (badness 10000) in paragraph at lines 7812--7814
[]\TU/TimesNewRoman(0)/m/n/12 PULS Power. (s.f.b). CD5.121 – 12V, 5A DIN Rail P
ower Supply.
 []


Underfull \hbox (badness 4048) in paragraph at lines 7820--7822
[]\TU/TimesNewRoman(0)/m/n/12 Raspberry Pi Stack Exchange. (2014, 13 de marzo).
 Using 5 volts on an
 []


Underfull \hbox (badness 3525) in paragraph at lines 7820--7822
\TU/TimesNewRoman(0)/m/n/12 mcp3008. [][][]https://raspberrypi.stackexchange.co
m/questions/14450/using[]-[]5[]-[]volts[]-[]on[]-
 []


Underfull \hbox (badness 6364) in paragraph at lines 7822--7824
[]\TU/TimesNewRoman(0)/m/n/12 S, S., Kingslin, M. T., M, S., Sivarajan, S., Jos
phine, C. V., & Laksh-
 []


Underfull \hbox (badness 3179) in paragraph at lines 7822--7824
\TU/TimesNewRoman(0)/m/n/12 mi, C. K. R. (2023). IoT based on smart traffic lig
hts and streetlight sys-
 []


Underfull \hbox (badness 1448) in paragraph at lines 7822--7824
\TU/TimesNewRoman(0)/m/n/12 tem. Proceedings of the Second International Confer
ence on Edge Computing
 []

LaTeX Info: Redefining \. on input line 7826.
LaTeX Info: Redefining \% on input line 7826.
[245]
Underfull \hbox (badness 10000) in paragraph at lines 7830--7832
\TU/TimesNewRoman(0)/m/n/12 (SMT1500IC). [][][]https://www.se.com/pe/es/product
/SMT1500IC/apc[]-[]smar[]-[]tups[]-
 []


Underfull \hbox (badness 10000) in paragraph at lines 7830--7832
[]\TU/TimesNewRoman(0)/m/n/12 l$ $%C3$ $%ADnea[]-[]in[]-[]ter[]-[]ac[]-[]ti[]-[
]va[]-[]1500va[]-[]to[]-[]rre[]-[]230v[]-[]8x[]-[]iec[]-[]c13[]-[]sa[]-[]li[]-[
]das[]-[]puer[]-[]to[]-[]smart[]-[]con[]-
 []


Underfull \hbox (badness 10000) in paragraph at lines 7832--7834
[]\TU/TimesNewRoman(0)/m/n/12 SciELO. (2023, julio). Tecnologías emergentes en 
la in-
 []


Underfull \hbox (badness 10000) in paragraph at lines 7832--7834
\TU/TimesNewRoman(0)/m/n/12 fraestructura vial en el contexto peruano. SciELO P
erú.
 []


Underfull \hbox (badness 10000) in paragraph at lines 7832--7834
[][][]\TU/TimesNewRoman(0)/m/n/12 http://www.scielo.org.pe/scielo.php?script=sc
i_arttext&pid=S1810[]-
 []


Underfull \hbox (badness 10000) in paragraph at lines 7834--7836
[]\TU/TimesNewRoman(0)/m/n/12 SCOOT. (s.f.). Split Cycle Offset Optimization Te
chnique.
 []


Underfull \hbox (badness 10000) in paragraph at lines 7836--7838
[]\TU/TimesNewRoman(0)/m/n/12 Seeed Studio. (s.f.). Getting started with Raspbe
rry Pi 4G LTE HAT.
 []


Underfull \hbox (badness 5847) in paragraph at lines 7838--7840
[]\TU/TimesNewRoman(0)/m/n/12 Sierra Circuits. (2023, 30 de enero). IPC-2221 St
andards in PCB Design.
 []


Underfull \hbox (badness 10000) in paragraph at lines 7846--7848
[]\TU/TimesNewRoman(0)/m/n/12 StepperOnline. (2020). DM542T digital stepping dr
ive [Hoja de datos].
 []


Overfull \hbox (9.75626pt too wide) in paragraph at lines 7846--7848
[][][]\TU/TimesNewRoman(0)/m/n/12 https://5.imimg.com/data5/SELLER/Doc/2020/12/
GL/TF/KS/16561264/stepperonline[]-
 []


Underfull \hbox (badness 2582) in paragraph at lines 7848--7850
[]\TU/TimesNewRoman(0)/m/n/12 Tario, J. D., Dillmann, R., Lardoux, J., Martinez
, R., White, C., Gross, N.,
 []


Underfull \hbox (badness 1824) in paragraph at lines 7848--7850
\TU/TimesNewRoman(0)/m/n/12 Patel, N., & Meyer, R. (2014). Adaptive traffic sig
nal control for Tarrytown
 []


Underfull \hbox (badness 2012) in paragraph at lines 7848--7850
\TU/TimesNewRoman(0)/m/n/12 Energy Research and Development Authority & New Yor
k State Department
 []


Underfull \hbox (badness 10000) in paragraph at lines 7848--7850
\TU/TimesNewRoman(0)/m/n/12 of Transportation. TransCore ITS, LLC. [][][]https:
//www.nyserda.ny.gov/[]-[]/me[]-
 []


Underfull \hbox (badness 10000) in paragraph at lines 7848--7850
[]\TU/TimesNewRoman(0)/m/n/12 dia/Project/Nyserda/Files/Publications/Research/T
ransportation/Adaptive[]-[]Traf[]-
 []

LaTeX Info: Redefining \. on input line 7850.
LaTeX Info: Redefining \% on input line 7850.
[246]
Underfull \hbox (badness 10000) in paragraph at lines 7850--7852
[]\TU/TimesNewRoman(0)/m/n/12 Trafficware. (2014). Summary of Version 8 release
s.
 []


Overfull \hbox (65.80896pt too wide) in paragraph at lines 7850--7852
[][][]\TU/TimesNewRoman(0)/m/n/12 https://online.trafficware.com/downloads/v8/S
ummary$ $%20of$ $%20Version$ $%208$ $%20Releases.pdf[][] 
 []

LaTeX Info: Redefining \. on input line 7858.
LaTeX Info: Redefining \% on input line 7858.
[247]
Underfull \hbox (badness 10000) in alignment at lines 7877--7916
[] [] [] []
 []


Underfull \hbox (badness 10000) in alignment at lines 7916--7918
[] [] [] []
 []


Underfull \hbox (badness 10000) in alignment at lines 7918--7919
[] [] [] []
 []


Underfull \hbox (badness 10000) in alignment at lines 7928--7956
[] []
 []


Underfull \hbox (badness 10000) in alignment at lines 7956--7958
[] []
 []


Underfull \hbox (badness 10000) in alignment at lines 7958--7959
[] []
 []


Underfull \hbox (badness 10000) in alignment at lines 7970--8009
[] [] [] []
 []


Underfull \hbox (badness 10000) in alignment at lines 8009--8011
[] [] [] []
 []


Underfull \hbox (badness 10000) in alignment at lines 8011--8012
[] [] [] []
 []

[248

]
Underfull \hbox (badness 10000) in alignment at lines 8021--8049
[] []
 []


Underfull \hbox (badness 10000) in alignment at lines 8049--8051
[] []
 []


Underfull \hbox (badness 10000) in alignment at lines 8051--8052
[] []
 []


Underfull \hbox (badness 10000) in alignment at lines 8063--8102
[] [] [] []
 []


Underfull \hbox (badness 10000) in alignment at lines 8102--8104
[] [] [] []
 []


Underfull \hbox (badness 10000) in alignment at lines 8104--8105
[] [] [] []
 []


Underfull \hbox (badness 10000) in alignment at lines 8114--8137
[] []
 []


Underfull \hbox (badness 10000) in alignment at lines 8137--8139
[] []
 []


Underfull \hbox (badness 10000) in alignment at lines 8139--8140
[] []
 []

LaTeX Info: Redefining \. on input line 8235.
LaTeX Info: Redefining \% on input line 8235.
[249]
Underfull \hbox (badness 10000) in alignment at lines 8244--8272
[] []
 []


Underfull \hbox (badness 10000) in alignment at lines 8272--8274
[] []
 []


Underfull \hbox (badness 10000) in alignment at lines 8274--8275
[] []
 []


Underfull \hbox (badness 10000) in alignment at lines 8288--8327
[] [] [] []
 []


Underfull \hbox (badness 10000) in alignment at lines 8327--8329
[] [] [] []
 []


Underfull \hbox (badness 10000) in alignment at lines 8329--8330
[] [] [] []
 []


Underfull \hbox (badness 10000) in alignment at lines 8339--8377
[] []
 []


Underfull \hbox (badness 10000) in alignment at lines 8377--8379
[] []
 []


Underfull \hbox (badness 10000) in alignment at lines 8379--8380
[] []
 []

LaTeX Info: Redefining \. on input line 8380.
LaTeX Info: Redefining \% on input line 8380.
[250]
Underfull \hbox (badness 10000) in alignment at lines 8389--8422
[] []
 []


Underfull \hbox (badness 10000) in alignment at lines 8422--8424
[] []
 []


Underfull \hbox (badness 10000) in alignment at lines 8424--8425
[] []
 []


Underfull \hbox (badness 10000) in alignment at lines 8434--8472
[] []
 []


Underfull \hbox (badness 10000) in alignment at lines 8472--8474
[] []
 []


Underfull \hbox (badness 10000) in alignment at lines 8474--8475
[] []
 []


Underfull \hbox (badness 10000) in alignment at lines 8486--8534
[] []
 []


Underfull \hbox (badness 10000) in alignment at lines 8534--8536
[] []
 []


Underfull \hbox (badness 10000) in alignment at lines 8536--8537
[] []
 []

LaTeX Info: Redefining \. on input line 8537.
LaTeX Info: Redefining \% on input line 8537.
[251]
Underfull \hbox (badness 10000) in alignment at lines 8546--8589
[] []
 []


Underfull \hbox (badness 10000) in alignment at lines 8589--8591
[] []
 []


Underfull \hbox (badness 10000) in alignment at lines 8591--8592
[] []
 []


Underfull \hbox (badness 10000) in alignment at lines 8601--8659
[] []
 []


Underfull \hbox (badness 10000) in alignment at lines 8659--8661
[] []
 []


Underfull \hbox (badness 10000) in alignment at lines 8661--8662
[] []
 []

LaTeX Info: Redefining \. on input line 8664.
LaTeX Info: Redefining \% on input line 8664.
[252]
Underfull \hbox (badness 10000) in alignment at lines 8671--8714
[] []
 []


Underfull \hbox (badness 10000) in alignment at lines 8714--8716
[] []
 []


Underfull \hbox (badness 10000) in alignment at lines 8716--8717
[] []
 []


Underfull \hbox (badness 10000) in alignment at lines 8726--8754
[] []
 []


Underfull \hbox (badness 10000) in alignment at lines 8754--8756
[] []
 []


Underfull \hbox (badness 10000) in alignment at lines 8756--8757
[] []
 []


Underfull \hbox (badness 10000) in alignment at lines 8766--8799
[] []
 []


Underfull \hbox (badness 10000) in alignment at lines 8799--8801
[] []
 []


Underfull \hbox (badness 10000) in alignment at lines 8801--8802
[] []
 []


Underfull \hbox (badness 10000) in alignment at lines 8811--8849
[] []
 []


Underfull \hbox (badness 10000) in alignment at lines 8849--8851
[] []
 []


Underfull \hbox (badness 10000) in alignment at lines 8851--8852
[] []
 []

LaTeX Info: Redefining \. on input line 8852.
LaTeX Info: Redefining \% on input line 8852.
[253]
Underfull \hbox (badness 10000) in alignment at lines 8863--9316
[] [] [] []
 []


Underfull \hbox (badness 10000) in alignment at lines 9316--9318
[] [] [] []
 []


Underfull \hbox (badness 10000) in alignment at lines 9318--9319
[] [] [] []
 []

LaTeX Info: Redefining \. on input line 9319.
LaTeX Info: Redefining \% on input line 9319.
[254]
LaTeX Info: Redefining \. on input line 9319.
LaTeX Info: Redefining \% on input line 9319.
 [255]
LaTeX Info: Redefining \. on input line 9319.
LaTeX Info: Redefining \% on input line 9319.
 [256]
Overfull \vbox (366.0307pt too high) has occurred while \output is active []

LaTeX Info: Redefining \. on input line 9319.
LaTeX Info: Redefining \% on input line 9319.

[257]
File: ./media/image3.png Graphic file (type bmp)
<./media/image3.png>
File: ./media/image138.png Graphic file (type bmp)
<./media/image138.png>
File: ./media/image94.png Graphic file (type bmp)
<./media/image94.png>
LaTeX Info: Redefining \. on input line 9335.
LaTeX Info: Redefining \% on input line 9335.
 [258]
File: ./media/image62.png Graphic file (type bmp)
<./media/image62.png>
File: ./media/image137.png Graphic file (type bmp)
<./media/image137.png>
LaTeX Info: Redefining \. on input line 9343.
LaTeX Info: Redefining \% on input line 9343.
 [259]
File: ./media/image32.png Graphic file (type bmp)
<./media/image32.png>
File: ./media/image121.png Graphic file (type bmp)
<./media/image121.png>
LaTeX Info: Redefining \. on input line 9347.
LaTeX Info: Redefining \% on input line 9347.
 [260]
File: ./media/image59.png Graphic file (type bmp)
<./media/image59.png>
File: ./media/image34.png Graphic file (type bmp)
<./media/image34.png>
LaTeX Info: Redefining \. on input line 9355.
LaTeX Info: Redefining \% on input line 9355.
 [261]
File: ./media/image23.png Graphic file (type bmp)
<./media/image23.png>
File: ./media/image142.png Graphic file (type bmp)
<./media/image142.png>
LaTeX Info: Redefining \. on input line 9359.
LaTeX Info: Redefining \% on input line 9359.
 [262]
File: ./media/image135.png Graphic file (type bmp)
<./media/image135.png>
File: ./media/image98.png Graphic file (type bmp)
<./media/image98.png>
LaTeX Info: Redefining \. on input line 9367.
LaTeX Info: Redefining \% on input line 9367.
 [263]
File: ./media/image38.png Graphic file (type bmp)
<./media/image38.png>
File: ./media/image119.png Graphic file (type bmp)
<./media/image119.png>
LaTeX Info: Redefining \. on input line 9371.
LaTeX Info: Redefining \% on input line 9371.
 [264]
File: ./media/image123.png Graphic file (type bmp)
<./media/image123.png>
File: ./media/image63.png Graphic file (type bmp)
<./media/image63.png>
LaTeX Info: Redefining \. on input line 9379.
LaTeX Info: Redefining \% on input line 9379.
 [265]
File: ./media/image92.png Graphic file (type bmp)
<./media/image92.png>
File: ./media/image4.png Graphic file (type bmp)
<./media/image4.png>
LaTeX Info: Redefining \. on input line 9383.
LaTeX Info: Redefining \% on input line 9383.
 [266]
File: ./media/image129.png Graphic file (type bmp)
<./media/image129.png>
File: ./media/image106.png Graphic file (type bmp)
<./media/image106.png>
LaTeX Info: Redefining \. on input line 9395.
LaTeX Info: Redefining \% on input line 9395.
 [267]
LaTeX Info: Redefining \. on input line 9398.
LaTeX Info: Redefining \% on input line 9398.
 [268]
(main.aux
LaTeX Info: Redefining \. on input line 23.
LaTeX Info: Redefining \% on input line 23.
) )
Output written on main.xdv (281 pages, 4870316 bytes).
